Symlinking /home/jin/kingfisher-sim/devel/share/hector_gazebo_plugins/cmake/hector_gazebo_pluginsConfig-version.cmake
Symlinking /home/jin/kingfisher-sim/devel/share/hector_gazebo_plugins/cmake/hector_gazebo_plugins-msg-extras.cmake
Symlinking /home/jin/kingfisher-sim/devel/share/hector_gazebo_plugins/cmake/hector_gazebo_plugins-msg-paths.cmake
Symlinking /home/jin/kingfisher-sim/devel/share/hector_gazebo_plugins/cmake/hector_gazebo_pluginsConfig.cmake
Symlinking /home/jin/kingfisher-sim/devel/share/hector_gazebo_plugins/docs/GNSSConfig.wikidoc
Symlinking /home/jin/kingfisher-sim/devel/share/hector_gazebo_plugins/docs/GNSSConfig.dox
Symlinking /home/jin/kingfisher-sim/devel/share/hector_gazebo_plugins/docs/SensorModelConfig-usage.dox
Symlinking /home/jin/kingfisher-sim/devel/share/hector_gazebo_plugins/docs/GNSSConfig-usage.dox
Symlinking /home/jin/kingfisher-sim/devel/share/hector_gazebo_plugins/docs/SensorModelConfig.dox
Symlinking /home/jin/kingfisher-sim/devel/share/hector_gazebo_plugins/docs/SensorModelConfig.wikidoc
Symlinking /home/jin/kingfisher-sim/devel/share/gennodejs/ros/hector_gazebo_plugins/_index.js
Symlinking /home/jin/kingfisher-sim/devel/share/gennodejs/ros/hector_gazebo_plugins/srv/SetBias.js
Symlinking /home/jin/kingfisher-sim/devel/share/gennodejs/ros/hector_gazebo_plugins/srv/SetReferenceGeoPose.js
Symlinking /home/jin/kingfisher-sim/devel/share/gennodejs/ros/hector_gazebo_plugins/srv/_index.js
Symlinking /home/jin/kingfisher-sim/devel/share/roseus/ros/hector_gazebo_plugins/manifest.l
Symlinking /home/jin/kingfisher-sim/devel/share/roseus/ros/hector_gazebo_plugins/srv/SetReferenceGeoPose.l
Symlinking /home/jin/kingfisher-sim/devel/share/roseus/ros/hector_gazebo_plugins/srv/SetBias.l
Symlinking /home/jin/kingfisher-sim/devel/share/common-lisp/ros/hector_gazebo_plugins/srv/hector_gazebo_plugins-srv.asd
Symlinking /home/jin/kingfisher-sim/devel/share/common-lisp/ros/hector_gazebo_plugins/srv/SetBias.lisp
Symlinking /home/jin/kingfisher-sim/devel/share/common-lisp/ros/hector_gazebo_plugins/srv/SetReferenceGeoPose.lisp
Symlinking /home/jin/kingfisher-sim/devel/share/common-lisp/ros/hector_gazebo_plugins/srv/_package_SetReferenceGeoPose.lisp
Symlinking /home/jin/kingfisher-sim/devel/share/common-lisp/ros/hector_gazebo_plugins/srv/_package.lisp
Symlinking /home/jin/kingfisher-sim/devel/share/common-lisp/ros/hector_gazebo_plugins/srv/_package_SetBias.lisp
Symlinking /home/jin/kingfisher-sim/devel/lib/libhector_gazebo_ros_sonar.so
Symlinking /home/jin/kingfisher-sim/devel/lib/libdiffdrive_plugin_multi_wheel.so
Symlinking /home/jin/kingfisher-sim/devel/lib/libhector_gazebo_ros_imu.so
Symlinking /home/jin/kingfisher-sim/devel/lib/libhector_gazebo_reset_plugin.so
Symlinking /home/jin/kingfisher-sim/devel/lib/libhector_gazebo_ros_magnetic.so
Symlinking /home/jin/kingfisher-sim/devel/lib/libgazebo_ros_force_based_move.so
Symlinking /home/jin/kingfisher-sim/devel/lib/libhector_servo_plugin.so
Symlinking /home/jin/kingfisher-sim/devel/lib/libdiffdrive_plugin_6w.so
Symlinking /home/jin/kingfisher-sim/devel/lib/libhector_gazebo_ros_gps.so
Symlinking /home/jin/kingfisher-sim/devel/lib/python2.7/dist-packages/hector_gazebo_plugins/__init__.py
Symlinking /home/jin/kingfisher-sim/devel/lib/python2.7/dist-packages/hector_gazebo_plugins/srv/_SetBias.py
Symlinking /home/jin/kingfisher-sim/devel/lib/python2.7/dist-packages/hector_gazebo_plugins/srv/_SetReferenceGeoPose.py
Symlinking /home/jin/kingfisher-sim/devel/lib/python2.7/dist-packages/hector_gazebo_plugins/srv/__init__.py
Symlinking /home/jin/kingfisher-sim/devel/lib/python2.7/dist-packages/hector_gazebo_plugins/cfg/GNSSConfig.py
Symlinking /home/jin/kingfisher-sim/devel/lib/python2.7/dist-packages/hector_gazebo_plugins/cfg/SensorModelConfig.py
Symlinking /home/jin/kingfisher-sim/devel/lib/python2.7/dist-packages/hector_gazebo_plugins/cfg/__init__.py
Symlinking /home/jin/kingfisher-sim/devel/lib/pkgconfig/hector_gazebo_plugins.pc
Symlinking /home/jin/kingfisher-sim/devel/include/hector_gazebo_plugins/SensorModelConfig.h
Symlinking /home/jin/kingfisher-sim/devel/include/hector_gazebo_plugins/SetBiasResponse.h
Symlinking /home/jin/kingfisher-sim/devel/include/hector_gazebo_plugins/SetBiasRequest.h
Symlinking /home/jin/kingfisher-sim/devel/include/hector_gazebo_plugins/GNSSConfig.h
Symlinking /home/jin/kingfisher-sim/devel/include/hector_gazebo_plugins/SetReferenceGeoPoseRequest.h
Symlinking /home/jin/kingfisher-sim/devel/include/hector_gazebo_plugins/SetBias.h
Symlinking /home/jin/kingfisher-sim/devel/include/hector_gazebo_plugins/SetReferenceGeoPoseResponse.h
Symlinking /home/jin/kingfisher-sim/devel/include/hector_gazebo_plugins/SetReferenceGeoPose.h
