[  6%] Built target hector_gazebo_plugins_gencfg
[ 12%] Built target hector_servo_plugin
[ 18%] Built target diffdrive_plugin_multi_wheel
[ 25%] Built target diffdrive_plugin_6w
[ 25%] Built target geographic_msgs_generate_messages_cpp
[ 25%] Built target _hector_gazebo_plugins_generate_messages_check_deps_SetReferenceGeoPose
[ 25%] Built target geometry_msgs_generate_messages_cpp
[ 25%] Built target _hector_gazebo_plugins_generate_messages_check_deps_SetBias
[ 31%] Built target hector_gazebo_reset_plugin
[ 31%] Built target geographic_msgs_generate_messages_eus
[ 37%] Built target gazebo_ros_force_based_move
[ 43%] Built target hector_gazebo_ros_sonar
[ 43%] Built target geometry_msgs_generate_messages_eus
[ 43%] Built target geometry_msgs_generate_messages_py
[ 43%] Built target geographic_msgs_generate_messages_py
[ 43%] Built target geometry_msgs_generate_messages_lisp
[ 43%] Built target geographic_msgs_generate_messages_lisp
[ 43%] Built target geographic_msgs_generate_messages_nodejs
[ 43%] Built target geometry_msgs_generate_messages_nodejs
[ 50%] Built target hector_gazebo_plugins_generate_messages_cpp
[ 59%] Built target hector_gazebo_plugins_generate_messages_eus
[ 65%] Built target hector_gazebo_ros_magnetic
[ 71%] Built target hector_gazebo_plugins_generate_messages_lisp
[ 81%] Built target hector_gazebo_plugins_generate_messages_py
[ 87%] Built target hector_gazebo_plugins_generate_messages_nodejs
[ 93%] Built target hector_gazebo_ros_gps
[ 93%] Built target hector_gazebo_plugins_generate_messages
[100%] Built target hector_gazebo_ros_imu
