Determining if the pthread_create exist failed with the following output:
Change Dir: /home/jin/kingfisher-sim/build/navfn/CMakeFiles/CMakeTmp

Run Build Command:"/usr/bin/make" "cmTC_709c7/fast"
/usr/bin/make -f CMakeFiles/cmTC_709c7.dir/build.make CMakeFiles/cmTC_709c7.dir/build
make[1]: Entering directory '/home/jin/kingfisher-sim/build/navfn/CMakeFiles/CMakeTmp'
Building C object CMakeFiles/cmTC_709c7.dir/CheckSymbolExists.c.o
/usr/bin/cc    -o CMakeFiles/cmTC_709c7.dir/CheckSymbolExists.c.o   -c /home/jin/kingfisher-sim/build/navfn/CMakeFiles/CMakeTmp/CheckSymbolExists.c
Linking C executable cmTC_709c7
/usr/bin/cmake -E cmake_link_script CMakeFiles/cmTC_709c7.dir/link.txt --verbose=1
/usr/bin/cc      -rdynamic CMakeFiles/cmTC_709c7.dir/CheckSymbolExists.c.o  -o cmTC_709c7 
CMakeFiles/cmTC_709c7.dir/CheckSymbolExists.c.o: In function `main':
CheckSymbolExists.c:(.text+0x1b): undefined reference to `pthread_create'
collect2: error: ld returned 1 exit status
CMakeFiles/cmTC_709c7.dir/build.make:97: recipe for target 'cmTC_709c7' failed
make[1]: *** [cmTC_709c7] Error 1
make[1]: Leaving directory '/home/jin/kingfisher-sim/build/navfn/CMakeFiles/CMakeTmp'
Makefile:126: recipe for target 'cmTC_709c7/fast' failed
make: *** [cmTC_709c7/fast] Error 2

File /home/jin/kingfisher-sim/build/navfn/CMakeFiles/CMakeTmp/CheckSymbolExists.c:
/* */
#include <pthread.h>

int main(int argc, char** argv)
{
  (void)argv;
#ifndef pthread_create
  return ((int*)(&pthread_create))[argc];
#else
  (void)argc;
  return 0;
#endif
}

Determining if the function pthread_create exists in the pthreads failed with the following output:
Change Dir: /home/jin/kingfisher-sim/build/navfn/CMakeFiles/CMakeTmp

Run Build Command:"/usr/bin/make" "cmTC_23e16/fast"
/usr/bin/make -f CMakeFiles/cmTC_23e16.dir/build.make CMakeFiles/cmTC_23e16.dir/build
make[1]: Entering directory '/home/jin/kingfisher-sim/build/navfn/CMakeFiles/CMakeTmp'
Building C object CMakeFiles/cmTC_23e16.dir/CheckFunctionExists.c.o
/usr/bin/cc   -DCHECK_FUNCTION_EXISTS=pthread_create   -o CMakeFiles/cmTC_23e16.dir/CheckFunctionExists.c.o   -c /usr/share/cmake-3.10/Modules/CheckFunctionExists.c
Linking C executable cmTC_23e16
/usr/bin/cmake -E cmake_link_script CMakeFiles/cmTC_23e16.dir/link.txt --verbose=1
/usr/bin/cc  -DCHECK_FUNCTION_EXISTS=pthread_create    -rdynamic CMakeFiles/cmTC_23e16.dir/CheckFunctionExists.c.o  -o cmTC_23e16 -lpthreads 
/usr/bin/ld: cannot find -lpthreads
collect2: error: ld returned 1 exit status
CMakeFiles/cmTC_23e16.dir/build.make:97: recipe for target 'cmTC_23e16' failed
make[1]: *** [cmTC_23e16] Error 1
make[1]: Leaving directory '/home/jin/kingfisher-sim/build/navfn/CMakeFiles/CMakeTmp'
Makefile:126: recipe for target 'cmTC_23e16/fast' failed
make: *** [cmTC_23e16/fast] Error 2


Determining if the include file pgm.h exists failed with the following output:
Change Dir: /home/jin/kingfisher-sim/build/navfn/CMakeFiles/CMakeTmp

Run Build Command:"/usr/bin/make" "cmTC_b7783/fast"
/usr/bin/make -f CMakeFiles/cmTC_b7783.dir/build.make CMakeFiles/cmTC_b7783.dir/build
make[1]: Entering directory '/home/jin/kingfisher-sim/build/navfn/CMakeFiles/CMakeTmp'
Building CXX object CMakeFiles/cmTC_b7783.dir/CheckIncludeFile.cxx.o
/usr/bin/c++     -o CMakeFiles/cmTC_b7783.dir/CheckIncludeFile.cxx.o -c /home/jin/kingfisher-sim/build/navfn/CMakeFiles/CMakeTmp/CheckIncludeFile.cxx
/home/jin/kingfisher-sim/build/navfn/CMakeFiles/CMakeTmp/CheckIncludeFile.cxx:1:10: fatal error: pgm.h: No such file or directory
 #include <pgm.h>
          ^~~~~~~
compilation terminated.
CMakeFiles/cmTC_b7783.dir/build.make:65: recipe for target 'CMakeFiles/cmTC_b7783.dir/CheckIncludeFile.cxx.o' failed
make[1]: *** [CMakeFiles/cmTC_b7783.dir/CheckIncludeFile.cxx.o] Error 1
make[1]: Leaving directory '/home/jin/kingfisher-sim/build/navfn/CMakeFiles/CMakeTmp'
Makefile:126: recipe for target 'cmTC_b7783/fast' failed
make: *** [cmTC_b7783/fast] Error 2


