Determining if the pthread_create exist failed with the following output:
Change Dir: /home/jin/kingfisher-sim/build/carrot_planner/CMakeFiles/CMakeTmp

Run Build Command:"/usr/bin/make" "cmTC_86e10/fast"
/usr/bin/make -f CMakeFiles/cmTC_86e10.dir/build.make CMakeFiles/cmTC_86e10.dir/build
make[1]: Entering directory '/home/jin/kingfisher-sim/build/carrot_planner/CMakeFiles/CMakeTmp'
Building C object CMakeFiles/cmTC_86e10.dir/CheckSymbolExists.c.o
/usr/bin/cc    -o CMakeFiles/cmTC_86e10.dir/CheckSymbolExists.c.o   -c /home/jin/kingfisher-sim/build/carrot_planner/CMakeFiles/CMakeTmp/CheckSymbolExists.c
Linking C executable cmTC_86e10
/usr/bin/cmake -E cmake_link_script CMakeFiles/cmTC_86e10.dir/link.txt --verbose=1
/usr/bin/cc      -rdynamic CMakeFiles/cmTC_86e10.dir/CheckSymbolExists.c.o  -o cmTC_86e10 
CMakeFiles/cmTC_86e10.dir/CheckSymbolExists.c.o: In function `main':
CheckSymbolExists.c:(.text+0x1b): undefined reference to `pthread_create'
collect2: error: ld returned 1 exit status
CMakeFiles/cmTC_86e10.dir/build.make:97: recipe for target 'cmTC_86e10' failed
make[1]: *** [cmTC_86e10] Error 1
make[1]: Leaving directory '/home/jin/kingfisher-sim/build/carrot_planner/CMakeFiles/CMakeTmp'
Makefile:126: recipe for target 'cmTC_86e10/fast' failed
make: *** [cmTC_86e10/fast] Error 2

File /home/jin/kingfisher-sim/build/carrot_planner/CMakeFiles/CMakeTmp/CheckSymbolExists.c:
/* */
#include <pthread.h>

int main(int argc, char** argv)
{
  (void)argv;
#ifndef pthread_create
  return ((int*)(&pthread_create))[argc];
#else
  (void)argc;
  return 0;
#endif
}

Determining if the function pthread_create exists in the pthreads failed with the following output:
Change Dir: /home/jin/kingfisher-sim/build/carrot_planner/CMakeFiles/CMakeTmp

Run Build Command:"/usr/bin/make" "cmTC_6c3cb/fast"
/usr/bin/make -f CMakeFiles/cmTC_6c3cb.dir/build.make CMakeFiles/cmTC_6c3cb.dir/build
make[1]: Entering directory '/home/jin/kingfisher-sim/build/carrot_planner/CMakeFiles/CMakeTmp'
Building C object CMakeFiles/cmTC_6c3cb.dir/CheckFunctionExists.c.o
/usr/bin/cc   -DCHECK_FUNCTION_EXISTS=pthread_create   -o CMakeFiles/cmTC_6c3cb.dir/CheckFunctionExists.c.o   -c /usr/share/cmake-3.10/Modules/CheckFunctionExists.c
Linking C executable cmTC_6c3cb
/usr/bin/cmake -E cmake_link_script CMakeFiles/cmTC_6c3cb.dir/link.txt --verbose=1
/usr/bin/cc  -DCHECK_FUNCTION_EXISTS=pthread_create    -rdynamic CMakeFiles/cmTC_6c3cb.dir/CheckFunctionExists.c.o  -o cmTC_6c3cb -lpthreads 
/usr/bin/ld: cannot find -lpthreads
collect2: error: ld returned 1 exit status
CMakeFiles/cmTC_6c3cb.dir/build.make:97: recipe for target 'cmTC_6c3cb' failed
make[1]: *** [cmTC_6c3cb] Error 1
make[1]: Leaving directory '/home/jin/kingfisher-sim/build/carrot_planner/CMakeFiles/CMakeTmp'
Makefile:126: recipe for target 'cmTC_6c3cb/fast' failed
make: *** [cmTC_6c3cb/fast] Error 2


