Determining if the pthread_create exist failed with the following output:
Change Dir: /home/jin/kingfisher-sim/build/wamv_description/CMakeFiles/CMakeTmp

Run Build Command:"/usr/bin/make" "cmTC_a08ba/fast"
/usr/bin/make -f CMakeFiles/cmTC_a08ba.dir/build.make CMakeFiles/cmTC_a08ba.dir/build
make[1]: Entering directory '/home/jin/kingfisher-sim/build/wamv_description/CMakeFiles/CMakeTmp'
Building C object CMakeFiles/cmTC_a08ba.dir/CheckSymbolExists.c.o
/usr/bin/cc    -o CMakeFiles/cmTC_a08ba.dir/CheckSymbolExists.c.o   -c /home/jin/kingfisher-sim/build/wamv_description/CMakeFiles/CMakeTmp/CheckSymbolExists.c
Linking C executable cmTC_a08ba
/usr/bin/cmake -E cmake_link_script CMakeFiles/cmTC_a08ba.dir/link.txt --verbose=1
/usr/bin/cc      -rdynamic CMakeFiles/cmTC_a08ba.dir/CheckSymbolExists.c.o  -o cmTC_a08ba 
CMakeFiles/cmTC_a08ba.dir/CheckSymbolExists.c.o: In function `main':
CheckSymbolExists.c:(.text+0x1b): undefined reference to `pthread_create'
collect2: error: ld returned 1 exit status
CMakeFiles/cmTC_a08ba.dir/build.make:97: recipe for target 'cmTC_a08ba' failed
make[1]: *** [cmTC_a08ba] Error 1
make[1]: Leaving directory '/home/jin/kingfisher-sim/build/wamv_description/CMakeFiles/CMakeTmp'
Makefile:126: recipe for target 'cmTC_a08ba/fast' failed
make: *** [cmTC_a08ba/fast] Error 2

File /home/jin/kingfisher-sim/build/wamv_description/CMakeFiles/CMakeTmp/CheckSymbolExists.c:
/* */
#include <pthread.h>

int main(int argc, char** argv)
{
  (void)argv;
#ifndef pthread_create
  return ((int*)(&pthread_create))[argc];
#else
  (void)argc;
  return 0;
#endif
}

Determining if the function pthread_create exists in the pthreads failed with the following output:
Change Dir: /home/jin/kingfisher-sim/build/wamv_description/CMakeFiles/CMakeTmp

Run Build Command:"/usr/bin/make" "cmTC_2add8/fast"
/usr/bin/make -f CMakeFiles/cmTC_2add8.dir/build.make CMakeFiles/cmTC_2add8.dir/build
make[1]: Entering directory '/home/jin/kingfisher-sim/build/wamv_description/CMakeFiles/CMakeTmp'
Building C object CMakeFiles/cmTC_2add8.dir/CheckFunctionExists.c.o
/usr/bin/cc   -DCHECK_FUNCTION_EXISTS=pthread_create   -o CMakeFiles/cmTC_2add8.dir/CheckFunctionExists.c.o   -c /usr/share/cmake-3.10/Modules/CheckFunctionExists.c
Linking C executable cmTC_2add8
/usr/bin/cmake -E cmake_link_script CMakeFiles/cmTC_2add8.dir/link.txt --verbose=1
/usr/bin/cc  -DCHECK_FUNCTION_EXISTS=pthread_create    -rdynamic CMakeFiles/cmTC_2add8.dir/CheckFunctionExists.c.o  -o cmTC_2add8 -lpthreads 
/usr/bin/ld: cannot find -lpthreads
collect2: error: ld returned 1 exit status
CMakeFiles/cmTC_2add8.dir/build.make:97: recipe for target 'cmTC_2add8' failed
make[1]: *** [cmTC_2add8] Error 1
make[1]: Leaving directory '/home/jin/kingfisher-sim/build/wamv_description/CMakeFiles/CMakeTmp'
Makefile:126: recipe for target 'cmTC_2add8/fast' failed
make: *** [cmTC_2add8/fast] Error 2


