Linked: (/home/jin/kingfisher-sim/devel/.private/gazebo_plugins/share/gazebo_plugins/cmake/gazebo_pluginsConfig-version.cmake, /home/jin/kingfisher-sim/devel/share/gazebo_plugins/cmake/gazebo_pluginsConfig-version.cmake)
Linked: (/home/jin/kingfisher-sim/devel/.private/gazebo_plugins/share/gazebo_plugins/cmake/gazebo_pluginsConfig.cmake, /home/jin/kingfisher-sim/devel/share/gazebo_plugins/cmake/gazebo_pluginsConfig.cmake)
Linked: (/home/jin/kingfisher-sim/devel/.private/gazebo_plugins/share/gazebo_plugins/docs/HokuyoConfig-usage.dox, /home/jin/kingfisher-sim/devel/share/gazebo_plugins/docs/HokuyoConfig-usage.dox)
Linked: (/home/jin/kingfisher-sim/devel/.private/gazebo_plugins/share/gazebo_plugins/docs/CameraSynchronizerConfig-usage.dox, /home/jin/kingfisher-sim/devel/share/gazebo_plugins/docs/CameraSynchronizerConfig-usage.dox)
Linked: (/home/jin/kingfisher-sim/devel/.private/gazebo_plugins/share/gazebo_plugins/docs/HokuyoConfig.wikidoc, /home/jin/kingfisher-sim/devel/share/gazebo_plugins/docs/HokuyoConfig.wikidoc)
Linked: (/home/jin/kingfisher-sim/devel/.private/gazebo_plugins/share/gazebo_plugins/docs/WheelSlipConfig.wikidoc, /home/jin/kingfisher-sim/devel/share/gazebo_plugins/docs/WheelSlipConfig.wikidoc)
Linked: (/home/jin/kingfisher-sim/devel/.private/gazebo_plugins/share/gazebo_plugins/docs/GazeboRosOpenniKinectConfig-usage.dox, /home/jin/kingfisher-sim/devel/share/gazebo_plugins/docs/GazeboRosOpenniKinectConfig-usage.dox)
Linked: (/home/jin/kingfisher-sim/devel/.private/gazebo_plugins/share/gazebo_plugins/docs/GazeboRosOpenniKinectConfig.dox, /home/jin/kingfisher-sim/devel/share/gazebo_plugins/docs/GazeboRosOpenniKinectConfig.dox)
Linked: (/home/jin/kingfisher-sim/devel/.private/gazebo_plugins/share/gazebo_plugins/docs/CameraSynchronizerConfig.dox, /home/jin/kingfisher-sim/devel/share/gazebo_plugins/docs/CameraSynchronizerConfig.dox)
Linked: (/home/jin/kingfisher-sim/devel/.private/gazebo_plugins/share/gazebo_plugins/docs/GazeboRosCameraConfig.dox, /home/jin/kingfisher-sim/devel/share/gazebo_plugins/docs/GazeboRosCameraConfig.dox)
Linked: (/home/jin/kingfisher-sim/devel/.private/gazebo_plugins/share/gazebo_plugins/docs/GazeboRosOpenniKinectConfig.wikidoc, /home/jin/kingfisher-sim/devel/share/gazebo_plugins/docs/GazeboRosOpenniKinectConfig.wikidoc)
Linked: (/home/jin/kingfisher-sim/devel/.private/gazebo_plugins/share/gazebo_plugins/docs/CameraSynchronizerConfig.wikidoc, /home/jin/kingfisher-sim/devel/share/gazebo_plugins/docs/CameraSynchronizerConfig.wikidoc)
Linked: (/home/jin/kingfisher-sim/devel/.private/gazebo_plugins/share/gazebo_plugins/docs/GazeboRosCameraConfig-usage.dox, /home/jin/kingfisher-sim/devel/share/gazebo_plugins/docs/GazeboRosCameraConfig-usage.dox)
Linked: (/home/jin/kingfisher-sim/devel/.private/gazebo_plugins/share/gazebo_plugins/docs/HokuyoConfig.dox, /home/jin/kingfisher-sim/devel/share/gazebo_plugins/docs/HokuyoConfig.dox)
Linked: (/home/jin/kingfisher-sim/devel/.private/gazebo_plugins/share/gazebo_plugins/docs/WheelSlipConfig-usage.dox, /home/jin/kingfisher-sim/devel/share/gazebo_plugins/docs/WheelSlipConfig-usage.dox)
Linked: (/home/jin/kingfisher-sim/devel/.private/gazebo_plugins/share/gazebo_plugins/docs/WheelSlipConfig.dox, /home/jin/kingfisher-sim/devel/share/gazebo_plugins/docs/WheelSlipConfig.dox)
Linked: (/home/jin/kingfisher-sim/devel/.private/gazebo_plugins/share/gazebo_plugins/docs/GazeboRosCameraConfig.wikidoc, /home/jin/kingfisher-sim/devel/share/gazebo_plugins/docs/GazeboRosCameraConfig.wikidoc)
Linked: (/home/jin/kingfisher-sim/devel/.private/gazebo_plugins/lib/libgazebo_ros_joint_state_publisher.so, /home/jin/kingfisher-sim/devel/lib/libgazebo_ros_joint_state_publisher.so)
Linked: (/home/jin/kingfisher-sim/devel/.private/gazebo_plugins/lib/libgazebo_ros_camera_utils.so, /home/jin/kingfisher-sim/devel/lib/libgazebo_ros_camera_utils.so)
Linked: (/home/jin/kingfisher-sim/devel/.private/gazebo_plugins/lib/libgazebo_ros_projector.so, /home/jin/kingfisher-sim/devel/lib/libgazebo_ros_projector.so)
Linked: (/home/jin/kingfisher-sim/devel/.private/gazebo_plugins/lib/libgazebo_ros_triggered_multicamera.so, /home/jin/kingfisher-sim/devel/lib/libgazebo_ros_triggered_multicamera.so)
Linked: (/home/jin/kingfisher-sim/devel/.private/gazebo_plugins/lib/libgazebo_ros_ft_sensor.so, /home/jin/kingfisher-sim/devel/lib/libgazebo_ros_ft_sensor.so)
Linked: (/home/jin/kingfisher-sim/devel/.private/gazebo_plugins/lib/libgazebo_ros_multicamera.so, /home/jin/kingfisher-sim/devel/lib/libgazebo_ros_multicamera.so)
Linked: (/home/jin/kingfisher-sim/devel/.private/gazebo_plugins/lib/libgazebo_ros_bumper.so, /home/jin/kingfisher-sim/devel/lib/libgazebo_ros_bumper.so)
Linked: (/home/jin/kingfisher-sim/devel/.private/gazebo_plugins/lib/libgazebo_ros_triggered_camera.so, /home/jin/kingfisher-sim/devel/lib/libgazebo_ros_triggered_camera.so)
Linked: (/home/jin/kingfisher-sim/devel/.private/gazebo_plugins/lib/libgazebo_ros_openni_kinect.so, /home/jin/kingfisher-sim/devel/lib/libgazebo_ros_openni_kinect.so)
Linked: (/home/jin/kingfisher-sim/devel/.private/gazebo_plugins/lib/libgazebo_ros_depth_camera.so, /home/jin/kingfisher-sim/devel/lib/libgazebo_ros_depth_camera.so)
Linked: (/home/jin/kingfisher-sim/devel/.private/gazebo_plugins/lib/libgazebo_ros_block_laser.so, /home/jin/kingfisher-sim/devel/lib/libgazebo_ros_block_laser.so)
Linked: (/home/jin/kingfisher-sim/devel/.private/gazebo_plugins/lib/libgazebo_ros_prosilica.so, /home/jin/kingfisher-sim/devel/lib/libgazebo_ros_prosilica.so)
Linked: (/home/jin/kingfisher-sim/devel/.private/gazebo_plugins/lib/libMultiCameraPlugin.so, /home/jin/kingfisher-sim/devel/lib/libMultiCameraPlugin.so)
Linked: (/home/jin/kingfisher-sim/devel/.private/gazebo_plugins/lib/libgazebo_ros_force.so, /home/jin/kingfisher-sim/devel/lib/libgazebo_ros_force.so)
Linked: (/home/jin/kingfisher-sim/devel/.private/gazebo_plugins/lib/libgazebo_ros_f3d.so, /home/jin/kingfisher-sim/devel/lib/libgazebo_ros_f3d.so)
Linked: (/home/jin/kingfisher-sim/devel/.private/gazebo_plugins/lib/libgazebo_ros_diff_drive.so, /home/jin/kingfisher-sim/devel/lib/libgazebo_ros_diff_drive.so)
Linked: (/home/jin/kingfisher-sim/devel/.private/gazebo_plugins/lib/libgazebo_ros_p3d.so, /home/jin/kingfisher-sim/devel/lib/libgazebo_ros_p3d.so)
Linked: (/home/jin/kingfisher-sim/devel/.private/gazebo_plugins/lib/libgazebo_ros_joint_pose_trajectory.so, /home/jin/kingfisher-sim/devel/lib/libgazebo_ros_joint_pose_trajectory.so)
Linked: (/home/jin/kingfisher-sim/devel/.private/gazebo_plugins/lib/libgazebo_ros_utils.so, /home/jin/kingfisher-sim/devel/lib/libgazebo_ros_utils.so)
Linked: (/home/jin/kingfisher-sim/devel/.private/gazebo_plugins/lib/libgazebo_ros_imu.so, /home/jin/kingfisher-sim/devel/lib/libgazebo_ros_imu.so)
Linked: (/home/jin/kingfisher-sim/devel/.private/gazebo_plugins/lib/libgazebo_ros_tricycle_drive.so, /home/jin/kingfisher-sim/devel/lib/libgazebo_ros_tricycle_drive.so)
Linked: (/home/jin/kingfisher-sim/devel/.private/gazebo_plugins/lib/libgazebo_ros_harness.so, /home/jin/kingfisher-sim/devel/lib/libgazebo_ros_harness.so)
Linked: (/home/jin/kingfisher-sim/devel/.private/gazebo_plugins/lib/libgazebo_ros_elevator.so, /home/jin/kingfisher-sim/devel/lib/libgazebo_ros_elevator.so)
Linked: (/home/jin/kingfisher-sim/devel/.private/gazebo_plugins/lib/libvision_reconfigure.so, /home/jin/kingfisher-sim/devel/lib/libvision_reconfigure.so)
Linked: (/home/jin/kingfisher-sim/devel/.private/gazebo_plugins/lib/libgazebo_ros_template.so, /home/jin/kingfisher-sim/devel/lib/libgazebo_ros_template.so)
Linked: (/home/jin/kingfisher-sim/devel/.private/gazebo_plugins/lib/libgazebo_ros_range.so, /home/jin/kingfisher-sim/devel/lib/libgazebo_ros_range.so)
Linked: (/home/jin/kingfisher-sim/devel/.private/gazebo_plugins/lib/libgazebo_ros_planar_move.so, /home/jin/kingfisher-sim/devel/lib/libgazebo_ros_planar_move.so)
Linked: (/home/jin/kingfisher-sim/devel/.private/gazebo_plugins/lib/libgazebo_ros_gpu_laser.so, /home/jin/kingfisher-sim/devel/lib/libgazebo_ros_gpu_laser.so)
Linked: (/home/jin/kingfisher-sim/devel/.private/gazebo_plugins/lib/libgazebo_ros_hand_of_god.so, /home/jin/kingfisher-sim/devel/lib/libgazebo_ros_hand_of_god.so)
Linked: (/home/jin/kingfisher-sim/devel/.private/gazebo_plugins/lib/libgazebo_ros_vacuum_gripper.so, /home/jin/kingfisher-sim/devel/lib/libgazebo_ros_vacuum_gripper.so)
Linked: (/home/jin/kingfisher-sim/devel/.private/gazebo_plugins/lib/libgazebo_ros_imu_sensor.so, /home/jin/kingfisher-sim/devel/lib/libgazebo_ros_imu_sensor.so)
Linked: (/home/jin/kingfisher-sim/devel/.private/gazebo_plugins/lib/libgazebo_ros_camera.so, /home/jin/kingfisher-sim/devel/lib/libgazebo_ros_camera.so)
Linked: (/home/jin/kingfisher-sim/devel/.private/gazebo_plugins/lib/libgazebo_ros_video.so, /home/jin/kingfisher-sim/devel/lib/libgazebo_ros_video.so)
Linked: (/home/jin/kingfisher-sim/devel/.private/gazebo_plugins/lib/libgazebo_ros_skid_steer_drive.so, /home/jin/kingfisher-sim/devel/lib/libgazebo_ros_skid_steer_drive.so)
Linked: (/home/jin/kingfisher-sim/devel/.private/gazebo_plugins/lib/libgazebo_ros_laser.so, /home/jin/kingfisher-sim/devel/lib/libgazebo_ros_laser.so)
Linked: (/home/jin/kingfisher-sim/devel/.private/gazebo_plugins/lib/python2.7/dist-packages/gazebo_plugins/__init__.py, /home/jin/kingfisher-sim/devel/lib/python2.7/dist-packages/gazebo_plugins/__init__.py)
Linked: (/home/jin/kingfisher-sim/devel/.private/gazebo_plugins/lib/python2.7/dist-packages/gazebo_plugins/cfg/CameraSynchronizerConfig.py, /home/jin/kingfisher-sim/devel/lib/python2.7/dist-packages/gazebo_plugins/cfg/CameraSynchronizerConfig.py)
Linked: (/home/jin/kingfisher-sim/devel/.private/gazebo_plugins/lib/python2.7/dist-packages/gazebo_plugins/cfg/__init__.py, /home/jin/kingfisher-sim/devel/lib/python2.7/dist-packages/gazebo_plugins/cfg/__init__.py)
Linked: (/home/jin/kingfisher-sim/devel/.private/gazebo_plugins/lib/python2.7/dist-packages/gazebo_plugins/cfg/GazeboRosCameraConfig.py, /home/jin/kingfisher-sim/devel/lib/python2.7/dist-packages/gazebo_plugins/cfg/GazeboRosCameraConfig.py)
Linked: (/home/jin/kingfisher-sim/devel/.private/gazebo_plugins/lib/python2.7/dist-packages/gazebo_plugins/cfg/WheelSlipConfig.py, /home/jin/kingfisher-sim/devel/lib/python2.7/dist-packages/gazebo_plugins/cfg/WheelSlipConfig.py)
Linked: (/home/jin/kingfisher-sim/devel/.private/gazebo_plugins/lib/python2.7/dist-packages/gazebo_plugins/cfg/GazeboRosOpenniKinectConfig.py, /home/jin/kingfisher-sim/devel/lib/python2.7/dist-packages/gazebo_plugins/cfg/GazeboRosOpenniKinectConfig.py)
Linked: (/home/jin/kingfisher-sim/devel/.private/gazebo_plugins/lib/python2.7/dist-packages/gazebo_plugins/cfg/HokuyoConfig.py, /home/jin/kingfisher-sim/devel/lib/python2.7/dist-packages/gazebo_plugins/cfg/HokuyoConfig.py)
Linked: (/home/jin/kingfisher-sim/devel/.private/gazebo_plugins/lib/gazebo_plugins/camera_synchronizer, /home/jin/kingfisher-sim/devel/lib/gazebo_plugins/camera_synchronizer)
Linked: (/home/jin/kingfisher-sim/devel/.private/gazebo_plugins/lib/gazebo_plugins/hokuyo_node, /home/jin/kingfisher-sim/devel/lib/gazebo_plugins/hokuyo_node)
Linked: (/home/jin/kingfisher-sim/devel/.private/gazebo_plugins/lib/gazebo_plugins/pub_joint_trajectory_test, /home/jin/kingfisher-sim/devel/lib/gazebo_plugins/pub_joint_trajectory_test)
Linked: (/home/jin/kingfisher-sim/devel/.private/gazebo_plugins/lib/pkgconfig/gazebo_plugins.pc, /home/jin/kingfisher-sim/devel/lib/pkgconfig/gazebo_plugins.pc)
Linked: (/home/jin/kingfisher-sim/devel/.private/gazebo_plugins/include/gazebo_plugins/WheelSlipConfig.h, /home/jin/kingfisher-sim/devel/include/gazebo_plugins/WheelSlipConfig.h)
Linked: (/home/jin/kingfisher-sim/devel/.private/gazebo_plugins/include/gazebo_plugins/GazeboRosCameraConfig.h, /home/jin/kingfisher-sim/devel/include/gazebo_plugins/GazeboRosCameraConfig.h)
Linked: (/home/jin/kingfisher-sim/devel/.private/gazebo_plugins/include/gazebo_plugins/GazeboRosOpenniKinectConfig.h, /home/jin/kingfisher-sim/devel/include/gazebo_plugins/GazeboRosOpenniKinectConfig.h)
Linked: (/home/jin/kingfisher-sim/devel/.private/gazebo_plugins/include/gazebo_plugins/CameraSynchronizerConfig.h, /home/jin/kingfisher-sim/devel/include/gazebo_plugins/CameraSynchronizerConfig.h)
Linked: (/home/jin/kingfisher-sim/devel/.private/gazebo_plugins/include/gazebo_plugins/HokuyoConfig.h, /home/jin/kingfisher-sim/devel/include/gazebo_plugins/HokuyoConfig.h)
