Determining if the pthread_create exist failed with the following output:
Change Dir: /home/jin/kingfisher-sim/build/vrx_gazebo/CMakeFiles/CMakeTmp

Run Build Command:"/usr/bin/make" "cmTC_b956f/fast"
/usr/bin/make -f CMakeFiles/cmTC_b956f.dir/build.make CMakeFiles/cmTC_b956f.dir/build
make[1]: Entering directory '/home/jin/kingfisher-sim/build/vrx_gazebo/CMakeFiles/CMakeTmp'
Building C object CMakeFiles/cmTC_b956f.dir/CheckSymbolExists.c.o
/usr/bin/cc    -o CMakeFiles/cmTC_b956f.dir/CheckSymbolExists.c.o   -c /home/jin/kingfisher-sim/build/vrx_gazebo/CMakeFiles/CMakeTmp/CheckSymbolExists.c
Linking C executable cmTC_b956f
/usr/bin/cmake -E cmake_link_script CMakeFiles/cmTC_b956f.dir/link.txt --verbose=1
/usr/bin/cc      -rdynamic CMakeFiles/cmTC_b956f.dir/CheckSymbolExists.c.o  -o cmTC_b956f 
CMakeFiles/cmTC_b956f.dir/CheckSymbolExists.c.o: In function `main':
CheckSymbolExists.c:(.text+0x1b): undefined reference to `pthread_create'
collect2: error: ld returned 1 exit status
CMakeFiles/cmTC_b956f.dir/build.make:97: recipe for target 'cmTC_b956f' failed
make[1]: *** [cmTC_b956f] Error 1
make[1]: Leaving directory '/home/jin/kingfisher-sim/build/vrx_gazebo/CMakeFiles/CMakeTmp'
Makefile:126: recipe for target 'cmTC_b956f/fast' failed
make: *** [cmTC_b956f/fast] Error 2

File /home/jin/kingfisher-sim/build/vrx_gazebo/CMakeFiles/CMakeTmp/CheckSymbolExists.c:
/* */
#include <pthread.h>

int main(int argc, char** argv)
{
  (void)argv;
#ifndef pthread_create
  return ((int*)(&pthread_create))[argc];
#else
  (void)argc;
  return 0;
#endif
}

Determining if the function pthread_create exists in the pthreads failed with the following output:
Change Dir: /home/jin/kingfisher-sim/build/vrx_gazebo/CMakeFiles/CMakeTmp

Run Build Command:"/usr/bin/make" "cmTC_ed66c/fast"
/usr/bin/make -f CMakeFiles/cmTC_ed66c.dir/build.make CMakeFiles/cmTC_ed66c.dir/build
make[1]: Entering directory '/home/jin/kingfisher-sim/build/vrx_gazebo/CMakeFiles/CMakeTmp'
Building C object CMakeFiles/cmTC_ed66c.dir/CheckFunctionExists.c.o
/usr/bin/cc   -DCHECK_FUNCTION_EXISTS=pthread_create   -o CMakeFiles/cmTC_ed66c.dir/CheckFunctionExists.c.o   -c /usr/share/cmake-3.10/Modules/CheckFunctionExists.c
Linking C executable cmTC_ed66c
/usr/bin/cmake -E cmake_link_script CMakeFiles/cmTC_ed66c.dir/link.txt --verbose=1
/usr/bin/cc  -DCHECK_FUNCTION_EXISTS=pthread_create    -rdynamic CMakeFiles/cmTC_ed66c.dir/CheckFunctionExists.c.o  -o cmTC_ed66c -lpthreads 
/usr/bin/ld: cannot find -lpthreads
collect2: error: ld returned 1 exit status
CMakeFiles/cmTC_ed66c.dir/build.make:97: recipe for target 'cmTC_ed66c' failed
make[1]: *** [cmTC_ed66c] Error 1
make[1]: Leaving directory '/home/jin/kingfisher-sim/build/vrx_gazebo/CMakeFiles/CMakeTmp'
Makefile:126: recipe for target 'cmTC_ed66c/fast' failed
make: *** [cmTC_ed66c/fast] Error 2


