Determining if the pthread_create exist failed with the following output:
Change Dir: /home/jin/kingfisher-sim/build/rotate_recovery/CMakeFiles/CMakeTmp

Run Build Command:"/usr/bin/make" "cmTC_8540d/fast"
/usr/bin/make -f CMakeFiles/cmTC_8540d.dir/build.make CMakeFiles/cmTC_8540d.dir/build
make[1]: Entering directory '/home/jin/kingfisher-sim/build/rotate_recovery/CMakeFiles/CMakeTmp'
Building C object CMakeFiles/cmTC_8540d.dir/CheckSymbolExists.c.o
/usr/bin/cc    -o CMakeFiles/cmTC_8540d.dir/CheckSymbolExists.c.o   -c /home/jin/kingfisher-sim/build/rotate_recovery/CMakeFiles/CMakeTmp/CheckSymbolExists.c
Linking C executable cmTC_8540d
/usr/bin/cmake -E cmake_link_script CMakeFiles/cmTC_8540d.dir/link.txt --verbose=1
/usr/bin/cc      -rdynamic CMakeFiles/cmTC_8540d.dir/CheckSymbolExists.c.o  -o cmTC_8540d 
CMakeFiles/cmTC_8540d.dir/CheckSymbolExists.c.o: In function `main':
CheckSymbolExists.c:(.text+0x1b): undefined reference to `pthread_create'
collect2: error: ld returned 1 exit status
CMakeFiles/cmTC_8540d.dir/build.make:97: recipe for target 'cmTC_8540d' failed
make[1]: *** [cmTC_8540d] Error 1
make[1]: Leaving directory '/home/jin/kingfisher-sim/build/rotate_recovery/CMakeFiles/CMakeTmp'
Makefile:126: recipe for target 'cmTC_8540d/fast' failed
make: *** [cmTC_8540d/fast] Error 2

File /home/jin/kingfisher-sim/build/rotate_recovery/CMakeFiles/CMakeTmp/CheckSymbolExists.c:
/* */
#include <pthread.h>

int main(int argc, char** argv)
{
  (void)argv;
#ifndef pthread_create
  return ((int*)(&pthread_create))[argc];
#else
  (void)argc;
  return 0;
#endif
}

Determining if the function pthread_create exists in the pthreads failed with the following output:
Change Dir: /home/jin/kingfisher-sim/build/rotate_recovery/CMakeFiles/CMakeTmp

Run Build Command:"/usr/bin/make" "cmTC_dc238/fast"
/usr/bin/make -f CMakeFiles/cmTC_dc238.dir/build.make CMakeFiles/cmTC_dc238.dir/build
make[1]: Entering directory '/home/jin/kingfisher-sim/build/rotate_recovery/CMakeFiles/CMakeTmp'
Building C object CMakeFiles/cmTC_dc238.dir/CheckFunctionExists.c.o
/usr/bin/cc   -DCHECK_FUNCTION_EXISTS=pthread_create   -o CMakeFiles/cmTC_dc238.dir/CheckFunctionExists.c.o   -c /usr/share/cmake-3.10/Modules/CheckFunctionExists.c
Linking C executable cmTC_dc238
/usr/bin/cmake -E cmake_link_script CMakeFiles/cmTC_dc238.dir/link.txt --verbose=1
/usr/bin/cc  -DCHECK_FUNCTION_EXISTS=pthread_create    -rdynamic CMakeFiles/cmTC_dc238.dir/CheckFunctionExists.c.o  -o cmTC_dc238 -lpthreads 
/usr/bin/ld: cannot find -lpthreads
collect2: error: ld returned 1 exit status
CMakeFiles/cmTC_dc238.dir/build.make:97: recipe for target 'cmTC_dc238' failed
make[1]: *** [cmTC_dc238] Error 1
make[1]: Leaving directory '/home/jin/kingfisher-sim/build/rotate_recovery/CMakeFiles/CMakeTmp'
Makefile:126: recipe for target 'cmTC_dc238/fast' failed
make: *** [cmTC_dc238/fast] Error 2


