Determining if the pthread_create exist failed with the following output:
Change Dir: /home/jin/kingfisher-sim/build/kingfisher_description/CMakeFiles/CMakeTmp

Run Build Command:"/usr/bin/make" "cmTC_91d40/fast"
/usr/bin/make -f CMakeFiles/cmTC_91d40.dir/build.make CMakeFiles/cmTC_91d40.dir/build
make[1]: Entering directory '/home/jin/kingfisher-sim/build/kingfisher_description/CMakeFiles/CMakeTmp'
Building C object CMakeFiles/cmTC_91d40.dir/CheckSymbolExists.c.o
/usr/bin/cc    -o CMakeFiles/cmTC_91d40.dir/CheckSymbolExists.c.o   -c /home/jin/kingfisher-sim/build/kingfisher_description/CMakeFiles/CMakeTmp/CheckSymbolExists.c
Linking C executable cmTC_91d40
/usr/bin/cmake -E cmake_link_script CMakeFiles/cmTC_91d40.dir/link.txt --verbose=1
/usr/bin/cc      -rdynamic CMakeFiles/cmTC_91d40.dir/CheckSymbolExists.c.o  -o cmTC_91d40 
CMakeFiles/cmTC_91d40.dir/CheckSymbolExists.c.o: In function `main':
CheckSymbolExists.c:(.text+0x1b): undefined reference to `pthread_create'
collect2: error: ld returned 1 exit status
CMakeFiles/cmTC_91d40.dir/build.make:97: recipe for target 'cmTC_91d40' failed
make[1]: *** [cmTC_91d40] Error 1
make[1]: Leaving directory '/home/jin/kingfisher-sim/build/kingfisher_description/CMakeFiles/CMakeTmp'
Makefile:126: recipe for target 'cmTC_91d40/fast' failed
make: *** [cmTC_91d40/fast] Error 2

File /home/jin/kingfisher-sim/build/kingfisher_description/CMakeFiles/CMakeTmp/CheckSymbolExists.c:
/* */
#include <pthread.h>

int main(int argc, char** argv)
{
  (void)argv;
#ifndef pthread_create
  return ((int*)(&pthread_create))[argc];
#else
  (void)argc;
  return 0;
#endif
}

Determining if the function pthread_create exists in the pthreads failed with the following output:
Change Dir: /home/jin/kingfisher-sim/build/kingfisher_description/CMakeFiles/CMakeTmp

Run Build Command:"/usr/bin/make" "cmTC_51bca/fast"
/usr/bin/make -f CMakeFiles/cmTC_51bca.dir/build.make CMakeFiles/cmTC_51bca.dir/build
make[1]: Entering directory '/home/jin/kingfisher-sim/build/kingfisher_description/CMakeFiles/CMakeTmp'
Building C object CMakeFiles/cmTC_51bca.dir/CheckFunctionExists.c.o
/usr/bin/cc   -DCHECK_FUNCTION_EXISTS=pthread_create   -o CMakeFiles/cmTC_51bca.dir/CheckFunctionExists.c.o   -c /usr/share/cmake-3.10/Modules/CheckFunctionExists.c
Linking C executable cmTC_51bca
/usr/bin/cmake -E cmake_link_script CMakeFiles/cmTC_51bca.dir/link.txt --verbose=1
/usr/bin/cc  -DCHECK_FUNCTION_EXISTS=pthread_create    -rdynamic CMakeFiles/cmTC_51bca.dir/CheckFunctionExists.c.o  -o cmTC_51bca -lpthreads 
/usr/bin/ld: cannot find -lpthreads
collect2: error: ld returned 1 exit status
CMakeFiles/cmTC_51bca.dir/build.make:97: recipe for target 'cmTC_51bca' failed
make[1]: *** [cmTC_51bca] Error 1
make[1]: Leaving directory '/home/jin/kingfisher-sim/build/kingfisher_description/CMakeFiles/CMakeTmp'
Makefile:126: recipe for target 'cmTC_51bca/fast' failed
make: *** [cmTC_51bca/fast] Error 2


