Linked: (/home/jin/kingfisher-sim/devel/.private/kingfisher_msgs/share/gennodejs/ros/kingfisher_msgs/_index.js, /home/jin/kingfisher-sim/devel/share/gennodejs/ros/kingfisher_msgs/_index.js)
Linked: (/home/jin/kingfisher-sim/devel/.private/kingfisher_msgs/share/gennodejs/ros/kingfisher_msgs/msg/Drive.js, /home/jin/kingfisher-sim/devel/share/gennodejs/ros/kingfisher_msgs/msg/Drive.js)
Linked: (/home/jin/kingfisher-sim/devel/.private/kingfisher_msgs/share/gennodejs/ros/kingfisher_msgs/msg/Helm.js, /home/jin/kingfisher-sim/devel/share/gennodejs/ros/kingfisher_msgs/msg/Helm.js)
Linked: (/home/jin/kingfisher-sim/devel/.private/kingfisher_msgs/share/gennodejs/ros/kingfisher_msgs/msg/_index.js, /home/jin/kingfisher-sim/devel/share/gennodejs/ros/kingfisher_msgs/msg/_index.js)
Linked: (/home/jin/kingfisher-sim/devel/.private/kingfisher_msgs/share/gennodejs/ros/kingfisher_msgs/msg/Sense.js, /home/jin/kingfisher-sim/devel/share/gennodejs/ros/kingfisher_msgs/msg/Sense.js)
Linked: (/home/jin/kingfisher-sim/devel/.private/kingfisher_msgs/share/gennodejs/ros/kingfisher_msgs/msg/Course.js, /home/jin/kingfisher-sim/devel/share/gennodejs/ros/kingfisher_msgs/msg/Course.js)
Linked: (/home/jin/kingfisher-sim/devel/.private/kingfisher_msgs/share/kingfisher_msgs/cmake/kingfisher_msgsConfig-version.cmake, /home/jin/kingfisher-sim/devel/share/kingfisher_msgs/cmake/kingfisher_msgsConfig-version.cmake)
Linked: (/home/jin/kingfisher-sim/devel/.private/kingfisher_msgs/share/kingfisher_msgs/cmake/kingfisher_msgs-msg-paths.cmake, /home/jin/kingfisher-sim/devel/share/kingfisher_msgs/cmake/kingfisher_msgs-msg-paths.cmake)
Linked: (/home/jin/kingfisher-sim/devel/.private/kingfisher_msgs/share/kingfisher_msgs/cmake/kingfisher_msgsConfig.cmake, /home/jin/kingfisher-sim/devel/share/kingfisher_msgs/cmake/kingfisher_msgsConfig.cmake)
Linked: (/home/jin/kingfisher-sim/devel/.private/kingfisher_msgs/share/kingfisher_msgs/cmake/kingfisher_msgs-msg-extras.cmake, /home/jin/kingfisher-sim/devel/share/kingfisher_msgs/cmake/kingfisher_msgs-msg-extras.cmake)
Linked: (/home/jin/kingfisher-sim/devel/.private/kingfisher_msgs/share/roseus/ros/kingfisher_msgs/manifest.l, /home/jin/kingfisher-sim/devel/share/roseus/ros/kingfisher_msgs/manifest.l)
Linked: (/home/jin/kingfisher-sim/devel/.private/kingfisher_msgs/share/roseus/ros/kingfisher_msgs/msg/Helm.l, /home/jin/kingfisher-sim/devel/share/roseus/ros/kingfisher_msgs/msg/Helm.l)
Linked: (/home/jin/kingfisher-sim/devel/.private/kingfisher_msgs/share/roseus/ros/kingfisher_msgs/msg/Sense.l, /home/jin/kingfisher-sim/devel/share/roseus/ros/kingfisher_msgs/msg/Sense.l)
Linked: (/home/jin/kingfisher-sim/devel/.private/kingfisher_msgs/share/roseus/ros/kingfisher_msgs/msg/Course.l, /home/jin/kingfisher-sim/devel/share/roseus/ros/kingfisher_msgs/msg/Course.l)
Linked: (/home/jin/kingfisher-sim/devel/.private/kingfisher_msgs/share/roseus/ros/kingfisher_msgs/msg/Drive.l, /home/jin/kingfisher-sim/devel/share/roseus/ros/kingfisher_msgs/msg/Drive.l)
Linked: (/home/jin/kingfisher-sim/devel/.private/kingfisher_msgs/share/common-lisp/ros/kingfisher_msgs/msg/_package_Drive.lisp, /home/jin/kingfisher-sim/devel/share/common-lisp/ros/kingfisher_msgs/msg/_package_Drive.lisp)
Linked: (/home/jin/kingfisher-sim/devel/.private/kingfisher_msgs/share/common-lisp/ros/kingfisher_msgs/msg/_package_Course.lisp, /home/jin/kingfisher-sim/devel/share/common-lisp/ros/kingfisher_msgs/msg/_package_Course.lisp)
Linked: (/home/jin/kingfisher-sim/devel/.private/kingfisher_msgs/share/common-lisp/ros/kingfisher_msgs/msg/_package_Sense.lisp, /home/jin/kingfisher-sim/devel/share/common-lisp/ros/kingfisher_msgs/msg/_package_Sense.lisp)
Linked: (/home/jin/kingfisher-sim/devel/.private/kingfisher_msgs/share/common-lisp/ros/kingfisher_msgs/msg/Helm.lisp, /home/jin/kingfisher-sim/devel/share/common-lisp/ros/kingfisher_msgs/msg/Helm.lisp)
Linked: (/home/jin/kingfisher-sim/devel/.private/kingfisher_msgs/share/common-lisp/ros/kingfisher_msgs/msg/Course.lisp, /home/jin/kingfisher-sim/devel/share/common-lisp/ros/kingfisher_msgs/msg/Course.lisp)
Linked: (/home/jin/kingfisher-sim/devel/.private/kingfisher_msgs/share/common-lisp/ros/kingfisher_msgs/msg/_package_Helm.lisp, /home/jin/kingfisher-sim/devel/share/common-lisp/ros/kingfisher_msgs/msg/_package_Helm.lisp)
Linked: (/home/jin/kingfisher-sim/devel/.private/kingfisher_msgs/share/common-lisp/ros/kingfisher_msgs/msg/Sense.lisp, /home/jin/kingfisher-sim/devel/share/common-lisp/ros/kingfisher_msgs/msg/Sense.lisp)
Linked: (/home/jin/kingfisher-sim/devel/.private/kingfisher_msgs/share/common-lisp/ros/kingfisher_msgs/msg/kingfisher_msgs-msg.asd, /home/jin/kingfisher-sim/devel/share/common-lisp/ros/kingfisher_msgs/msg/kingfisher_msgs-msg.asd)
Linked: (/home/jin/kingfisher-sim/devel/.private/kingfisher_msgs/share/common-lisp/ros/kingfisher_msgs/msg/_package.lisp, /home/jin/kingfisher-sim/devel/share/common-lisp/ros/kingfisher_msgs/msg/_package.lisp)
Linked: (/home/jin/kingfisher-sim/devel/.private/kingfisher_msgs/share/common-lisp/ros/kingfisher_msgs/msg/Drive.lisp, /home/jin/kingfisher-sim/devel/share/common-lisp/ros/kingfisher_msgs/msg/Drive.lisp)
Linked: (/home/jin/kingfisher-sim/devel/.private/kingfisher_msgs/lib/python2.7/dist-packages/kingfisher_msgs/__init__.py, /home/jin/kingfisher-sim/devel/lib/python2.7/dist-packages/kingfisher_msgs/__init__.py)
Linked: (/home/jin/kingfisher-sim/devel/.private/kingfisher_msgs/lib/python2.7/dist-packages/kingfisher_msgs/msg/_Course.py, /home/jin/kingfisher-sim/devel/lib/python2.7/dist-packages/kingfisher_msgs/msg/_Course.py)
Linked: (/home/jin/kingfisher-sim/devel/.private/kingfisher_msgs/lib/python2.7/dist-packages/kingfisher_msgs/msg/_Sense.py, /home/jin/kingfisher-sim/devel/lib/python2.7/dist-packages/kingfisher_msgs/msg/_Sense.py)
Linked: (/home/jin/kingfisher-sim/devel/.private/kingfisher_msgs/lib/python2.7/dist-packages/kingfisher_msgs/msg/__init__.py, /home/jin/kingfisher-sim/devel/lib/python2.7/dist-packages/kingfisher_msgs/msg/__init__.py)
Linked: (/home/jin/kingfisher-sim/devel/.private/kingfisher_msgs/lib/python2.7/dist-packages/kingfisher_msgs/msg/_Helm.py, /home/jin/kingfisher-sim/devel/lib/python2.7/dist-packages/kingfisher_msgs/msg/_Helm.py)
Linked: (/home/jin/kingfisher-sim/devel/.private/kingfisher_msgs/lib/python2.7/dist-packages/kingfisher_msgs/msg/_Drive.py, /home/jin/kingfisher-sim/devel/lib/python2.7/dist-packages/kingfisher_msgs/msg/_Drive.py)
Linked: (/home/jin/kingfisher-sim/devel/.private/kingfisher_msgs/lib/pkgconfig/kingfisher_msgs.pc, /home/jin/kingfisher-sim/devel/lib/pkgconfig/kingfisher_msgs.pc)
Linked: (/home/jin/kingfisher-sim/devel/.private/kingfisher_msgs/include/kingfisher_msgs/Course.h, /home/jin/kingfisher-sim/devel/include/kingfisher_msgs/Course.h)
Linked: (/home/jin/kingfisher-sim/devel/.private/kingfisher_msgs/include/kingfisher_msgs/Helm.h, /home/jin/kingfisher-sim/devel/include/kingfisher_msgs/Helm.h)
Linked: (/home/jin/kingfisher-sim/devel/.private/kingfisher_msgs/include/kingfisher_msgs/Sense.h, /home/jin/kingfisher-sim/devel/include/kingfisher_msgs/Sense.h)
Linked: (/home/jin/kingfisher-sim/devel/.private/kingfisher_msgs/include/kingfisher_msgs/Drive.h, /home/jin/kingfisher-sim/devel/include/kingfisher_msgs/Drive.h)
