Symlinking /home/jin/kingfisher-sim/devel/share/gennodejs/ros/kingfisher_msgs/_index.js
Symlinking /home/jin/kingfisher-sim/devel/share/gennodejs/ros/kingfisher_msgs/msg/Drive.js
Symlinking /home/jin/kingfisher-sim/devel/share/gennodejs/ros/kingfisher_msgs/msg/Helm.js
Symlinking /home/jin/kingfisher-sim/devel/share/gennodejs/ros/kingfisher_msgs/msg/_index.js
Symlinking /home/jin/kingfisher-sim/devel/share/gennodejs/ros/kingfisher_msgs/msg/Sense.js
Symlinking /home/jin/kingfisher-sim/devel/share/gennodejs/ros/kingfisher_msgs/msg/Course.js
Symlinking /home/jin/kingfisher-sim/devel/share/kingfisher_msgs/cmake/kingfisher_msgsConfig-version.cmake
Symlinking /home/jin/kingfisher-sim/devel/share/kingfisher_msgs/cmake/kingfisher_msgs-msg-paths.cmake
Symlinking /home/jin/kingfisher-sim/devel/share/kingfisher_msgs/cmake/kingfisher_msgsConfig.cmake
Symlinking /home/jin/kingfisher-sim/devel/share/kingfisher_msgs/cmake/kingfisher_msgs-msg-extras.cmake
Symlinking /home/jin/kingfisher-sim/devel/share/roseus/ros/kingfisher_msgs/manifest.l
Symlinking /home/jin/kingfisher-sim/devel/share/roseus/ros/kingfisher_msgs/msg/Helm.l
Symlinking /home/jin/kingfisher-sim/devel/share/roseus/ros/kingfisher_msgs/msg/Sense.l
Symlinking /home/jin/kingfisher-sim/devel/share/roseus/ros/kingfisher_msgs/msg/Course.l
Symlinking /home/jin/kingfisher-sim/devel/share/roseus/ros/kingfisher_msgs/msg/Drive.l
Symlinking /home/jin/kingfisher-sim/devel/share/common-lisp/ros/kingfisher_msgs/msg/_package_Drive.lisp
Symlinking /home/jin/kingfisher-sim/devel/share/common-lisp/ros/kingfisher_msgs/msg/_package_Course.lisp
Symlinking /home/jin/kingfisher-sim/devel/share/common-lisp/ros/kingfisher_msgs/msg/_package_Sense.lisp
Symlinking /home/jin/kingfisher-sim/devel/share/common-lisp/ros/kingfisher_msgs/msg/Helm.lisp
Symlinking /home/jin/kingfisher-sim/devel/share/common-lisp/ros/kingfisher_msgs/msg/Course.lisp
Symlinking /home/jin/kingfisher-sim/devel/share/common-lisp/ros/kingfisher_msgs/msg/_package_Helm.lisp
Symlinking /home/jin/kingfisher-sim/devel/share/common-lisp/ros/kingfisher_msgs/msg/Sense.lisp
Symlinking /home/jin/kingfisher-sim/devel/share/common-lisp/ros/kingfisher_msgs/msg/kingfisher_msgs-msg.asd
Symlinking /home/jin/kingfisher-sim/devel/share/common-lisp/ros/kingfisher_msgs/msg/_package.lisp
Symlinking /home/jin/kingfisher-sim/devel/share/common-lisp/ros/kingfisher_msgs/msg/Drive.lisp
Symlinking /home/jin/kingfisher-sim/devel/lib/python2.7/dist-packages/kingfisher_msgs/__init__.py
Symlinking /home/jin/kingfisher-sim/devel/lib/python2.7/dist-packages/kingfisher_msgs/msg/_Course.py
Symlinking /home/jin/kingfisher-sim/devel/lib/python2.7/dist-packages/kingfisher_msgs/msg/_Sense.py
Symlinking /home/jin/kingfisher-sim/devel/lib/python2.7/dist-packages/kingfisher_msgs/msg/__init__.py
Symlinking /home/jin/kingfisher-sim/devel/lib/python2.7/dist-packages/kingfisher_msgs/msg/_Helm.py
Symlinking /home/jin/kingfisher-sim/devel/lib/python2.7/dist-packages/kingfisher_msgs/msg/_Drive.py
Symlinking /home/jin/kingfisher-sim/devel/lib/pkgconfig/kingfisher_msgs.pc
Symlinking /home/jin/kingfisher-sim/devel/include/kingfisher_msgs/Course.h
Symlinking /home/jin/kingfisher-sim/devel/include/kingfisher_msgs/Helm.h
Symlinking /home/jin/kingfisher-sim/devel/include/kingfisher_msgs/Sense.h
Symlinking /home/jin/kingfisher-sim/devel/include/kingfisher_msgs/Drive.h
