Linked: (/home/jin/kingfisher-sim/devel/.private/vrx_gazebo/share/gennodejs/ros/vrx_gazebo/_index.js, /home/jin/kingfisher-sim/devel/share/gennodejs/ros/vrx_gazebo/_index.js)
Linked: (/home/jin/kingfisher-sim/devel/.private/vrx_gazebo/share/gennodejs/ros/vrx_gazebo/srv/ColorSequence.js, /home/jin/kingfisher-sim/devel/share/gennodejs/ros/vrx_gazebo/srv/ColorSequence.js)
Linked: (/home/jin/kingfisher-sim/devel/.private/vrx_gazebo/share/gennodejs/ros/vrx_gazebo/srv/_index.js, /home/jin/kingfisher-sim/devel/share/gennodejs/ros/vrx_gazebo/srv/_index.js)
Linked: (/home/jin/kingfisher-sim/devel/.private/vrx_gazebo/share/gennodejs/ros/vrx_gazebo/msg/Contact.js, /home/jin/kingfisher-sim/devel/share/gennodejs/ros/vrx_gazebo/msg/Contact.js)
Linked: (/home/jin/kingfisher-sim/devel/.private/vrx_gazebo/share/gennodejs/ros/vrx_gazebo/msg/Task.js, /home/jin/kingfisher-sim/devel/share/gennodejs/ros/vrx_gazebo/msg/Task.js)
Linked: (/home/jin/kingfisher-sim/devel/.private/vrx_gazebo/share/gennodejs/ros/vrx_gazebo/msg/_index.js, /home/jin/kingfisher-sim/devel/share/gennodejs/ros/vrx_gazebo/msg/_index.js)
Linked: (/home/jin/kingfisher-sim/devel/.private/vrx_gazebo/share/roseus/ros/vrx_gazebo/manifest.l, /home/jin/kingfisher-sim/devel/share/roseus/ros/vrx_gazebo/manifest.l)
Linked: (/home/jin/kingfisher-sim/devel/.private/vrx_gazebo/share/roseus/ros/vrx_gazebo/srv/ColorSequence.l, /home/jin/kingfisher-sim/devel/share/roseus/ros/vrx_gazebo/srv/ColorSequence.l)
Linked: (/home/jin/kingfisher-sim/devel/.private/vrx_gazebo/share/roseus/ros/vrx_gazebo/msg/Contact.l, /home/jin/kingfisher-sim/devel/share/roseus/ros/vrx_gazebo/msg/Contact.l)
Linked: (/home/jin/kingfisher-sim/devel/.private/vrx_gazebo/share/roseus/ros/vrx_gazebo/msg/Task.l, /home/jin/kingfisher-sim/devel/share/roseus/ros/vrx_gazebo/msg/Task.l)
Linked: (/home/jin/kingfisher-sim/devel/.private/vrx_gazebo/share/common-lisp/ros/vrx_gazebo/srv/vrx_gazebo-srv.asd, /home/jin/kingfisher-sim/devel/share/common-lisp/ros/vrx_gazebo/srv/vrx_gazebo-srv.asd)
Linked: (/home/jin/kingfisher-sim/devel/.private/vrx_gazebo/share/common-lisp/ros/vrx_gazebo/srv/ColorSequence.lisp, /home/jin/kingfisher-sim/devel/share/common-lisp/ros/vrx_gazebo/srv/ColorSequence.lisp)
Linked: (/home/jin/kingfisher-sim/devel/.private/vrx_gazebo/share/common-lisp/ros/vrx_gazebo/srv/_package_ColorSequence.lisp, /home/jin/kingfisher-sim/devel/share/common-lisp/ros/vrx_gazebo/srv/_package_ColorSequence.lisp)
Linked: (/home/jin/kingfisher-sim/devel/.private/vrx_gazebo/share/common-lisp/ros/vrx_gazebo/srv/_package.lisp, /home/jin/kingfisher-sim/devel/share/common-lisp/ros/vrx_gazebo/srv/_package.lisp)
Linked: (/home/jin/kingfisher-sim/devel/.private/vrx_gazebo/share/common-lisp/ros/vrx_gazebo/msg/_package_Contact.lisp, /home/jin/kingfisher-sim/devel/share/common-lisp/ros/vrx_gazebo/msg/_package_Contact.lisp)
Linked: (/home/jin/kingfisher-sim/devel/.private/vrx_gazebo/share/common-lisp/ros/vrx_gazebo/msg/Task.lisp, /home/jin/kingfisher-sim/devel/share/common-lisp/ros/vrx_gazebo/msg/Task.lisp)
Linked: (/home/jin/kingfisher-sim/devel/.private/vrx_gazebo/share/common-lisp/ros/vrx_gazebo/msg/_package_Task.lisp, /home/jin/kingfisher-sim/devel/share/common-lisp/ros/vrx_gazebo/msg/_package_Task.lisp)
Linked: (/home/jin/kingfisher-sim/devel/.private/vrx_gazebo/share/common-lisp/ros/vrx_gazebo/msg/Contact.lisp, /home/jin/kingfisher-sim/devel/share/common-lisp/ros/vrx_gazebo/msg/Contact.lisp)
Linked: (/home/jin/kingfisher-sim/devel/.private/vrx_gazebo/share/common-lisp/ros/vrx_gazebo/msg/_package.lisp, /home/jin/kingfisher-sim/devel/share/common-lisp/ros/vrx_gazebo/msg/_package.lisp)
Linked: (/home/jin/kingfisher-sim/devel/.private/vrx_gazebo/share/common-lisp/ros/vrx_gazebo/msg/vrx_gazebo-msg.asd, /home/jin/kingfisher-sim/devel/share/common-lisp/ros/vrx_gazebo/msg/vrx_gazebo-msg.asd)
Linked: (/home/jin/kingfisher-sim/devel/.private/vrx_gazebo/share/vrx_gazebo/cmake/vrx_gazebo-msg-extras.cmake, /home/jin/kingfisher-sim/devel/share/vrx_gazebo/cmake/vrx_gazebo-msg-extras.cmake)
Linked: (/home/jin/kingfisher-sim/devel/.private/vrx_gazebo/share/vrx_gazebo/cmake/vrx_gazeboConfig-version.cmake, /home/jin/kingfisher-sim/devel/share/vrx_gazebo/cmake/vrx_gazeboConfig-version.cmake)
Linked: (/home/jin/kingfisher-sim/devel/.private/vrx_gazebo/share/vrx_gazebo/cmake/vrx_gazebo-msg-paths.cmake, /home/jin/kingfisher-sim/devel/share/vrx_gazebo/cmake/vrx_gazebo-msg-paths.cmake)
Linked: (/home/jin/kingfisher-sim/devel/.private/vrx_gazebo/share/vrx_gazebo/cmake/vrx_gazeboConfig.cmake, /home/jin/kingfisher-sim/devel/share/vrx_gazebo/cmake/vrx_gazeboConfig.cmake)
Linked: (/home/jin/kingfisher-sim/devel/.private/vrx_gazebo/share/vrx_gazebo/worlds/stationkeeping_task.world, /home/jin/kingfisher-sim/devel/share/vrx_gazebo/worlds/stationkeeping_task.world)
Linked: (/home/jin/kingfisher-sim/devel/.private/vrx_gazebo/share/vrx_gazebo/worlds/sydneyregatta.world, /home/jin/kingfisher-sim/devel/share/vrx_gazebo/worlds/sydneyregatta.world)
Linked: (/home/jin/kingfisher-sim/devel/.private/vrx_gazebo/share/vrx_gazebo/worlds/navigation_task.world, /home/jin/kingfisher-sim/devel/share/vrx_gazebo/worlds/navigation_task.world)
Linked: (/home/jin/kingfisher-sim/devel/.private/vrx_gazebo/share/vrx_gazebo/worlds/dock.world, /home/jin/kingfisher-sim/devel/share/vrx_gazebo/worlds/dock.world)
Linked: (/home/jin/kingfisher-sim/devel/.private/vrx_gazebo/share/vrx_gazebo/worlds/wind_test.world, /home/jin/kingfisher-sim/devel/share/vrx_gazebo/worlds/wind_test.world)
Linked: (/home/jin/kingfisher-sim/devel/.private/vrx_gazebo/share/vrx_gazebo/worlds/scan_and_dock.world, /home/jin/kingfisher-sim/devel/share/vrx_gazebo/worlds/scan_and_dock.world)
Linked: (/home/jin/kingfisher-sim/devel/.private/vrx_gazebo/share/vrx_gazebo/worlds/sandisland.world, /home/jin/kingfisher-sim/devel/share/vrx_gazebo/worlds/sandisland.world)
Linked: (/home/jin/kingfisher-sim/devel/.private/vrx_gazebo/share/vrx_gazebo/worlds/wayfinding_task.world, /home/jin/kingfisher-sim/devel/share/vrx_gazebo/worlds/wayfinding_task.world)
Linked: (/home/jin/kingfisher-sim/devel/.private/vrx_gazebo/share/vrx_gazebo/worlds/perception_task.world, /home/jin/kingfisher-sim/devel/share/vrx_gazebo/worlds/perception_task.world)
Linked: (/home/jin/kingfisher-sim/devel/.private/vrx_gazebo/share/vrx_gazebo/worlds/gymkhana.world, /home/jin/kingfisher-sim/devel/share/vrx_gazebo/worlds/gymkhana.world)
Linked: (/home/jin/kingfisher-sim/devel/.private/vrx_gazebo/share/vrx_gazebo/worlds/example_course_2019.world, /home/jin/kingfisher-sim/devel/share/vrx_gazebo/worlds/example_course_2019.world)
Linked: (/home/jin/kingfisher-sim/devel/.private/vrx_gazebo/share/vrx_gazebo/worlds/ocean.world, /home/jin/kingfisher-sim/devel/share/vrx_gazebo/worlds/ocean.world)
Linked: (/home/jin/kingfisher-sim/devel/.private/vrx_gazebo/share/vrx_gazebo/worlds/example_course.world, /home/jin/kingfisher-sim/devel/share/vrx_gazebo/worlds/example_course.world)
Linked: (/home/jin/kingfisher-sim/devel/.private/vrx_gazebo/lib/libfollow_plugin.so, /home/jin/kingfisher-sim/devel/lib/libfollow_plugin.so)
Linked: (/home/jin/kingfisher-sim/devel/.private/vrx_gazebo/lib/liblight_buoy_colors_msgs.so, /home/jin/kingfisher-sim/devel/lib/liblight_buoy_colors_msgs.so)
Linked: (/home/jin/kingfisher-sim/devel/.private/vrx_gazebo/lib/libperception_scoring_plugin.so, /home/jin/kingfisher-sim/devel/lib/libperception_scoring_plugin.so)
Linked: (/home/jin/kingfisher-sim/devel/.private/vrx_gazebo/lib/libscoring_plugin.so, /home/jin/kingfisher-sim/devel/lib/libscoring_plugin.so)
Linked: (/home/jin/kingfisher-sim/devel/.private/vrx_gazebo/lib/libstationkeeping_scoring_plugin.so, /home/jin/kingfisher-sim/devel/lib/libstationkeeping_scoring_plugin.so)
Linked: (/home/jin/kingfisher-sim/devel/.private/vrx_gazebo/lib/libgui_task_widget.so, /home/jin/kingfisher-sim/devel/lib/libgui_task_widget.so)
Linked: (/home/jin/kingfisher-sim/devel/.private/vrx_gazebo/lib/libscan_dock_scoring_plugin.so, /home/jin/kingfisher-sim/devel/lib/libscan_dock_scoring_plugin.so)
Linked: (/home/jin/kingfisher-sim/devel/.private/vrx_gazebo/lib/libwayfinding_scoring_plugin.so, /home/jin/kingfisher-sim/devel/lib/libwayfinding_scoring_plugin.so)
Linked: (/home/jin/kingfisher-sim/devel/.private/vrx_gazebo/lib/libnavigation_scoring_plugin.so, /home/jin/kingfisher-sim/devel/lib/libnavigation_scoring_plugin.so)
Linked: (/home/jin/kingfisher-sim/devel/.private/vrx_gazebo/lib/libwaypoint_markers.so, /home/jin/kingfisher-sim/devel/lib/libwaypoint_markers.so)
Linked: (/home/jin/kingfisher-sim/devel/.private/vrx_gazebo/lib/liblight_buoy_plugin.so, /home/jin/kingfisher-sim/devel/lib/liblight_buoy_plugin.so)
Linked: (/home/jin/kingfisher-sim/devel/.private/vrx_gazebo/lib/libplacard_plugin.so, /home/jin/kingfisher-sim/devel/lib/libplacard_plugin.so)
Linked: (/home/jin/kingfisher-sim/devel/.private/vrx_gazebo/lib/libgymkhana_scoring_plugin.so, /home/jin/kingfisher-sim/devel/lib/libgymkhana_scoring_plugin.so)
Linked: (/home/jin/kingfisher-sim/devel/.private/vrx_gazebo/lib/libdock_placard_msgs.so, /home/jin/kingfisher-sim/devel/lib/libdock_placard_msgs.so)
Linked: (/home/jin/kingfisher-sim/devel/.private/vrx_gazebo/lib/libball_shooter_plugin.so, /home/jin/kingfisher-sim/devel/lib/libball_shooter_plugin.so)
Linked: (/home/jin/kingfisher-sim/devel/.private/vrx_gazebo/lib/python2.7/dist-packages/vrx_gazebo/__init__.py, /home/jin/kingfisher-sim/devel/lib/python2.7/dist-packages/vrx_gazebo/__init__.py)
Linked: (/home/jin/kingfisher-sim/devel/.private/vrx_gazebo/lib/python2.7/dist-packages/vrx_gazebo/srv/_ColorSequence.py, /home/jin/kingfisher-sim/devel/lib/python2.7/dist-packages/vrx_gazebo/srv/_ColorSequence.py)
Linked: (/home/jin/kingfisher-sim/devel/.private/vrx_gazebo/lib/python2.7/dist-packages/vrx_gazebo/srv/__init__.py, /home/jin/kingfisher-sim/devel/lib/python2.7/dist-packages/vrx_gazebo/srv/__init__.py)
Linked: (/home/jin/kingfisher-sim/devel/.private/vrx_gazebo/lib/python2.7/dist-packages/vrx_gazebo/msg/_Contact.py, /home/jin/kingfisher-sim/devel/lib/python2.7/dist-packages/vrx_gazebo/msg/_Contact.py)
Linked: (/home/jin/kingfisher-sim/devel/.private/vrx_gazebo/lib/python2.7/dist-packages/vrx_gazebo/msg/__init__.py, /home/jin/kingfisher-sim/devel/lib/python2.7/dist-packages/vrx_gazebo/msg/__init__.py)
Linked: (/home/jin/kingfisher-sim/devel/.private/vrx_gazebo/lib/python2.7/dist-packages/vrx_gazebo/msg/_Task.py, /home/jin/kingfisher-sim/devel/lib/python2.7/dist-packages/vrx_gazebo/msg/_Task.py)
Linked: (/home/jin/kingfisher-sim/devel/.private/vrx_gazebo/lib/pkgconfig/vrx_gazebo.pc, /home/jin/kingfisher-sim/devel/lib/pkgconfig/vrx_gazebo.pc)
Linked: (/home/jin/kingfisher-sim/devel/.private/vrx_gazebo/include/vrx_gazebo/Contact.h, /home/jin/kingfisher-sim/devel/include/vrx_gazebo/Contact.h)
Linked: (/home/jin/kingfisher-sim/devel/.private/vrx_gazebo/include/vrx_gazebo/ColorSequenceRequest.h, /home/jin/kingfisher-sim/devel/include/vrx_gazebo/ColorSequenceRequest.h)
Linked: (/home/jin/kingfisher-sim/devel/.private/vrx_gazebo/include/vrx_gazebo/ColorSequenceResponse.h, /home/jin/kingfisher-sim/devel/include/vrx_gazebo/ColorSequenceResponse.h)
Linked: (/home/jin/kingfisher-sim/devel/.private/vrx_gazebo/include/vrx_gazebo/ColorSequence.h, /home/jin/kingfisher-sim/devel/include/vrx_gazebo/ColorSequence.h)
Linked: (/home/jin/kingfisher-sim/devel/.private/vrx_gazebo/include/vrx_gazebo/Task.h, /home/jin/kingfisher-sim/devel/include/vrx_gazebo/Task.h)
