Symlinking /home/jin/kingfisher-sim/devel/share/gennodejs/ros/vrx_gazebo/_index.js
Symlinking /home/jin/kingfisher-sim/devel/share/gennodejs/ros/vrx_gazebo/srv/ColorSequence.js
Symlinking /home/jin/kingfisher-sim/devel/share/gennodejs/ros/vrx_gazebo/srv/_index.js
Symlinking /home/jin/kingfisher-sim/devel/share/gennodejs/ros/vrx_gazebo/msg/Contact.js
Symlinking /home/jin/kingfisher-sim/devel/share/gennodejs/ros/vrx_gazebo/msg/Task.js
Symlinking /home/jin/kingfisher-sim/devel/share/gennodejs/ros/vrx_gazebo/msg/_index.js
Symlinking /home/jin/kingfisher-sim/devel/share/roseus/ros/vrx_gazebo/manifest.l
Symlinking /home/jin/kingfisher-sim/devel/share/roseus/ros/vrx_gazebo/srv/ColorSequence.l
Symlinking /home/jin/kingfisher-sim/devel/share/roseus/ros/vrx_gazebo/msg/Contact.l
Symlinking /home/jin/kingfisher-sim/devel/share/roseus/ros/vrx_gazebo/msg/Task.l
Symlinking /home/jin/kingfisher-sim/devel/share/common-lisp/ros/vrx_gazebo/srv/vrx_gazebo-srv.asd
Symlinking /home/jin/kingfisher-sim/devel/share/common-lisp/ros/vrx_gazebo/srv/ColorSequence.lisp
Symlinking /home/jin/kingfisher-sim/devel/share/common-lisp/ros/vrx_gazebo/srv/_package_ColorSequence.lisp
Symlinking /home/jin/kingfisher-sim/devel/share/common-lisp/ros/vrx_gazebo/srv/_package.lisp
Symlinking /home/jin/kingfisher-sim/devel/share/common-lisp/ros/vrx_gazebo/msg/_package_Contact.lisp
Symlinking /home/jin/kingfisher-sim/devel/share/common-lisp/ros/vrx_gazebo/msg/Task.lisp
Symlinking /home/jin/kingfisher-sim/devel/share/common-lisp/ros/vrx_gazebo/msg/_package_Task.lisp
Symlinking /home/jin/kingfisher-sim/devel/share/common-lisp/ros/vrx_gazebo/msg/Contact.lisp
Symlinking /home/jin/kingfisher-sim/devel/share/common-lisp/ros/vrx_gazebo/msg/_package.lisp
Symlinking /home/jin/kingfisher-sim/devel/share/common-lisp/ros/vrx_gazebo/msg/vrx_gazebo-msg.asd
Symlinking /home/jin/kingfisher-sim/devel/share/vrx_gazebo/cmake/vrx_gazebo-msg-extras.cmake
Symlinking /home/jin/kingfisher-sim/devel/share/vrx_gazebo/cmake/vrx_gazeboConfig-version.cmake
Symlinking /home/jin/kingfisher-sim/devel/share/vrx_gazebo/cmake/vrx_gazebo-msg-paths.cmake
Symlinking /home/jin/kingfisher-sim/devel/share/vrx_gazebo/cmake/vrx_gazeboConfig.cmake
Symlinking /home/jin/kingfisher-sim/devel/share/vrx_gazebo/worlds/stationkeeping_task.world
Symlinking /home/jin/kingfisher-sim/devel/share/vrx_gazebo/worlds/sydneyregatta.world
Symlinking /home/jin/kingfisher-sim/devel/share/vrx_gazebo/worlds/navigation_task.world
Symlinking /home/jin/kingfisher-sim/devel/share/vrx_gazebo/worlds/dock.world
Symlinking /home/jin/kingfisher-sim/devel/share/vrx_gazebo/worlds/wind_test.world
Symlinking /home/jin/kingfisher-sim/devel/share/vrx_gazebo/worlds/scan_and_dock.world
Symlinking /home/jin/kingfisher-sim/devel/share/vrx_gazebo/worlds/sandisland.world
Symlinking /home/jin/kingfisher-sim/devel/share/vrx_gazebo/worlds/wayfinding_task.world
Symlinking /home/jin/kingfisher-sim/devel/share/vrx_gazebo/worlds/perception_task.world
Symlinking /home/jin/kingfisher-sim/devel/share/vrx_gazebo/worlds/gymkhana.world
Symlinking /home/jin/kingfisher-sim/devel/share/vrx_gazebo/worlds/example_course_2019.world
Symlinking /home/jin/kingfisher-sim/devel/share/vrx_gazebo/worlds/ocean.world
Symlinking /home/jin/kingfisher-sim/devel/share/vrx_gazebo/worlds/example_course.world
Symlinking /home/jin/kingfisher-sim/devel/lib/libfollow_plugin.so
Symlinking /home/jin/kingfisher-sim/devel/lib/liblight_buoy_colors_msgs.so
Symlinking /home/jin/kingfisher-sim/devel/lib/libperception_scoring_plugin.so
Symlinking /home/jin/kingfisher-sim/devel/lib/libscoring_plugin.so
Symlinking /home/jin/kingfisher-sim/devel/lib/libstationkeeping_scoring_plugin.so
Symlinking /home/jin/kingfisher-sim/devel/lib/libgui_task_widget.so
Symlinking /home/jin/kingfisher-sim/devel/lib/libscan_dock_scoring_plugin.so
Symlinking /home/jin/kingfisher-sim/devel/lib/libwayfinding_scoring_plugin.so
Symlinking /home/jin/kingfisher-sim/devel/lib/libnavigation_scoring_plugin.so
Symlinking /home/jin/kingfisher-sim/devel/lib/libwaypoint_markers.so
Symlinking /home/jin/kingfisher-sim/devel/lib/liblight_buoy_plugin.so
Symlinking /home/jin/kingfisher-sim/devel/lib/libplacard_plugin.so
Symlinking /home/jin/kingfisher-sim/devel/lib/libgymkhana_scoring_plugin.so
Symlinking /home/jin/kingfisher-sim/devel/lib/libdock_placard_msgs.so
Symlinking /home/jin/kingfisher-sim/devel/lib/libball_shooter_plugin.so
Symlinking /home/jin/kingfisher-sim/devel/lib/python2.7/dist-packages/vrx_gazebo/__init__.py
Symlinking /home/jin/kingfisher-sim/devel/lib/python2.7/dist-packages/vrx_gazebo/srv/_ColorSequence.py
Symlinking /home/jin/kingfisher-sim/devel/lib/python2.7/dist-packages/vrx_gazebo/srv/__init__.py
Symlinking /home/jin/kingfisher-sim/devel/lib/python2.7/dist-packages/vrx_gazebo/msg/_Contact.py
Symlinking /home/jin/kingfisher-sim/devel/lib/python2.7/dist-packages/vrx_gazebo/msg/__init__.py
Symlinking /home/jin/kingfisher-sim/devel/lib/python2.7/dist-packages/vrx_gazebo/msg/_Task.py
Symlinking /home/jin/kingfisher-sim/devel/lib/pkgconfig/vrx_gazebo.pc
Symlinking /home/jin/kingfisher-sim/devel/include/vrx_gazebo/Contact.h
Symlinking /home/jin/kingfisher-sim/devel/include/vrx_gazebo/ColorSequenceRequest.h
Symlinking /home/jin/kingfisher-sim/devel/include/vrx_gazebo/ColorSequenceResponse.h
Symlinking /home/jin/kingfisher-sim/devel/include/vrx_gazebo/ColorSequence.h
Symlinking /home/jin/kingfisher-sim/devel/include/vrx_gazebo/Task.h
