[  9%] Built target vrx_gazebo__xacro_auto_generate
[ 10%] [34m[1mAutomatic MOC and UIC for target light_buoy_colors_msgs[0m
[ 10%] Built target gazebo_msgs_generate_messages_eus
[ 10%] Built target std_msgs_generate_messages_cpp
[ 10%] Built target light_buoy_colors_msgs_autogen
[ 10%] Built target trajectory_msgs_generate_messages_py
[ 10%] Built target trajectory_msgs_generate_messages_lisp
[ 10%] Built target trajectory_msgs_generate_messages_nodejs
[ 10%] Built target _vrx_gazebo_generate_messages_check_deps_ColorSequence
[ 10%] Built target trajectory_msgs_generate_messages_eus
[ 10%] Built target _vrx_gazebo_generate_messages_check_deps_Contact
[ 10%] Built target _vrx_gazebo_generate_messages_check_deps_Task
[ 10%] Built target trajectory_msgs_generate_messages_cpp
[ 10%] Built target rosgraph_msgs_generate_messages_lisp
[ 10%] Built target geometry_msgs_generate_messages_eus
[ 10%] Built target uuid_msgs_generate_messages_lisp
[ 10%] Built target std_msgs_generate_messages_py
[ 10%] Built target gazebo_ros_gencfg
[ 10%] Built target uuid_msgs_generate_messages_cpp
[ 10%] Built target uuid_msgs_generate_messages_nodejs
[ 10%] Built target std_msgs_generate_messages_nodejs
[ 10%] Built target roscpp_generate_messages_nodejs
[ 10%] Built target rosgraph_msgs_generate_messages_nodejs
[ 10%] Built target std_msgs_generate_messages_lisp
[ 10%] Built target std_msgs_generate_messages_eus
[ 10%] Built target geographic_msgs_generate_messages_lisp
[ 10%] Built target actionlib_generate_messages_cpp
[ 10%] Built target sensor_msgs_generate_messages_nodejs
[ 10%] Built target geometry_msgs_generate_messages_nodejs
[ 10%] Built target geometry_msgs_generate_messages_lisp
[ 10%] Built target sensor_msgs_generate_messages_lisp
[ 10%] Built target rosgraph_msgs_generate_messages_cpp
[ 10%] Built target std_srvs_generate_messages_eus
[ 10%] Built target roscpp_generate_messages_lisp
[ 10%] Built target gazebo_msgs_generate_messages_lisp
[ 10%] Built target gazebo_msgs_generate_messages_nodejs
[ 10%] Built target rosgraph_msgs_generate_messages_eus
[ 10%] Built target uuid_msgs_generate_messages_eus
[ 10%] Built target roscpp_generate_messages_py
[ 10%] Built target actionlib_msgs_generate_messages_nodejs
[ 10%] Built target geographic_msgs_generate_messages_eus
[ 10%] Built target geographic_msgs_generate_messages_cpp
[ 10%] Built target gazebo_msgs_generate_messages_cpp
[ 10%] Built target dynamic_reconfigure_generate_messages_lisp
[ 10%] Built target uuid_msgs_generate_messages_py
[ 10%] Built target roscpp_generate_messages_cpp
[ 10%] Built target gazebo_msgs_generate_messages_py
[ 10%] Built target geographic_msgs_generate_messages_py
[ 10%] Built target dynamic_reconfigure_generate_messages_nodejs
[ 10%] Built target geometry_msgs_generate_messages_py
[ 10%] Built target std_srvs_generate_messages_cpp
[ 10%] Built target std_srvs_generate_messages_lisp
[ 10%] Built target actionlib_generate_messages_lisp
[ 10%] Built target geometry_msgs_generate_messages_cpp
[ 10%] Built target std_srvs_generate_messages_nodejs
[ 10%] Built target std_srvs_generate_messages_py
[ 10%] Built target geographic_msgs_generate_messages_nodejs
[ 10%] Built target actionlib_generate_messages_nodejs
[ 10%] Built target tf_generate_messages_cpp
[ 10%] Built target actionlib_msgs_generate_messages_cpp
[ 10%] Built target tf_generate_messages_nodejs
[ 10%] Built target tf_generate_messages_eus
[ 10%] Built target tf_generate_messages_lisp
[ 10%] Built target dynamic_reconfigure_generate_messages_cpp
[ 10%] Built target sensor_msgs_generate_messages_py
[ 10%] Built target tf_generate_messages_py
[ 10%] Built target sensor_msgs_generate_messages_cpp
[ 10%] Built target sensor_msgs_generate_messages_eus
[ 10%] Built target actionlib_generate_messages_eus
[ 10%] Built target roscpp_generate_messages_eus
[ 10%] Built target actionlib_msgs_generate_messages_eus
[ 10%] Built target rosgraph_msgs_generate_messages_py
[ 10%] Built target actionlib_msgs_generate_messages_lisp
[ 10%] Built target tf2_msgs_generate_messages_cpp
[ 10%] Built target actionlib_msgs_generate_messages_py
[ 10%] Built target tf2_msgs_generate_messages_eus
[ 10%] Built target actionlib_generate_messages_py
[ 10%] Built target tf2_msgs_generate_messages_py
[ 10%] Built target dynamic_reconfigure_generate_messages_eus
[ 10%] Built target tf2_msgs_generate_messages_nodejs
[ 10%] Built target dynamic_reconfigure_generate_messages_py
[ 10%] Built target tf2_msgs_generate_messages_lisp
[ 10%] Built target dynamic_reconfigure_gencfg
[ 12%] Built target vrx_gazebo_generate_messages_nodejs
[ 13%] [34m[1mAutomatic MOC and UIC for target dock_placard_msgs[0m
[ 18%] Built target vrx_gazebo_generate_messages_py
[ 19%] Built target vrx_gazebo_generate_messages_lisp
[ 23%] Built target vrx_gazebo_generate_messages_eus
[ 26%] Built target dock_base_erb_generation
[ 27%] [34m[1mCopying to devel space: /home/jin/kingfisher-sim/devel/.private/vrx_gazebo/share/vrx_gazebo/worlds/example_course.world[0m
[ 27%] Built target vrx_gazebo_generate_obstacle_course_buoys
[ 29%] [34m[1mCopying to devel space: /home/jin/kingfisher-sim/devel/.private/vrx_gazebo/share/vrx_gazebo/worlds/example_course_2019.world[0m
[ 29%] [34m[1mCopying to devel space: /home/jin/kingfisher-sim/devel/.private/vrx_gazebo/share/vrx_gazebo/worlds/gymkhana.world[0m
[ 30%] [34m[1mCopying to devel space: /home/jin/kingfisher-sim/devel/.private/vrx_gazebo/share/vrx_gazebo/worlds/navigation_task.world[0m
[ 32%] Built target vrx_gazebo_generate_messages_cpp
[ 33%] [34m[1mAutomatic MOC and UIC for target waypoint_markers[0m
[ 34%] [34m[1mAutomatic MOC and UIC for target ball_shooter_plugin[0m
[ 34%] Built target dock_placard_msgs_autogen
[ 36%] [34m[1mCopying to devel space: /home/jin/kingfisher-sim/devel/.private/vrx_gazebo/share/vrx_gazebo/worlds/perception_task.world[0m
[ 39%] Built target light_buoy_colors_msgs
[ 39%] [34m[1mCopying to devel space: /home/jin/kingfisher-sim/devel/.private/vrx_gazebo/share/vrx_gazebo/worlds/sandisland.world[0m
[ 41%] Built target dock_erb_generation
[ 43%] [34m[1mCopying to devel space: /home/jin/kingfisher-sim/devel/.private/vrx_gazebo/share/vrx_gazebo/worlds/sydneyregatta.world[0m
[ 44%] [34m[1mCopying to devel space: /home/jin/kingfisher-sim/devel/.private/vrx_gazebo/share/vrx_gazebo/worlds/dock.world[0m
[ 44%] Built target waypoint_markers_autogen
[ 44%] [34m[1mCopying to devel space: /home/jin/kingfisher-sim/devel/.private/vrx_gazebo/share/vrx_gazebo/worlds/scan_and_dock.world[0m
[ 45%] [34m[1mCopying to devel space: /home/jin/kingfisher-sim/devel/.private/vrx_gazebo/share/vrx_gazebo/worlds/stationkeeping_task.world[0m
[ 45%] Built target ball_shooter_plugin_autogen
[ 46%] [34m[1mCopying to devel space: /home/jin/kingfisher-sim/devel/.private/vrx_gazebo/share/vrx_gazebo/worlds/wayfinding_task.world[0m
[ 46%] [34m[1mAutomatic MOC and UIC for target scoring_plugin[0m
[ 47%] [34m[1mAutomatic MOC and UIC for target gui_task_widget[0m
[ 47%] Built target vrx_gazebo_generate_messages
[ 48%] [34m[1mCopying to devel space: /home/jin/kingfisher-sim/devel/.private/vrx_gazebo/share/vrx_gazebo/worlds/ocean.world[0m
[ 48%] Built target gui_task_widget_autogen
[ 48%] Built target scoring_plugin_autogen
[ 59%] Built target vrx_gazebo__xacro_auto_generate_to_devel_space_
[ 60%] [34m[1mAutomatic MOC and UIC for target light_buoy_plugin[0m
[ 63%] Built target dock_placard_msgs
[ 65%] Built target ball_shooter_plugin
[ 67%] Built target waypoint_markers
[ 67%] Built target vrx_gazebo_xacro_generated_to_devel_space_
[ 68%] [34m[1mAutomatic MOC and UIC for target placard_plugin[0m
[ 68%] Built target light_buoy_plugin_autogen
[ 69%] [34m[1mAutomatic MOC and UIC for target follow_plugin[0m
[ 72%] Built target gui_task_widget
[ 74%] Built target scoring_plugin
[ 74%] Built target placard_plugin_autogen
[ 74%] Built target follow_plugin_autogen
[ 75%] [34m[1mAutomatic MOC and UIC for target stationkeeping_scoring_plugin[0m
[ 76%] [34m[1mAutomatic MOC and UIC for target scan_dock_scoring_plugin[0m
[ 76%] [34m[1mAutomatic MOC and UIC for target navigation_scoring_plugin[0m
[ 76%] [34m[1mAutomatic MOC and UIC for target gymkhana_scoring_plugin[0m
[ 77%] [34m[1mAutomatic MOC and UIC for target wayfinding_scoring_plugin[0m
[ 79%] [34m[1mAutomatic MOC and UIC for target perception_scoring_plugin[0m
[ 81%] Built target light_buoy_plugin
[ 81%] Built target navigation_scoring_plugin_autogen
[ 81%] Built target stationkeeping_scoring_plugin_autogen
[ 81%] Built target scan_dock_scoring_plugin_autogen
[ 81%] Built target gymkhana_scoring_plugin_autogen
[ 81%] Built target wayfinding_scoring_plugin_autogen
[ 81%] Built target perception_scoring_plugin_autogen
[ 83%] Built target follow_plugin
[ 86%] Built target placard_plugin
[ 88%] Built target navigation_scoring_plugin
[ 90%] Built target gymkhana_scoring_plugin
[ 93%] Built target stationkeeping_scoring_plugin
[ 95%] Built target scan_dock_scoring_plugin
[ 97%] Built target perception_scoring_plugin
[100%] Built target wayfinding_scoring_plugin
