Determining if the pthread_create exist failed with the following output:
Change Dir: /home/jin/kingfisher-sim/build/voxel_grid/CMakeFiles/CMakeTmp

Run Build Command:"/usr/bin/make" "cmTC_6f86c/fast"
/usr/bin/make -f CMakeFiles/cmTC_6f86c.dir/build.make CMakeFiles/cmTC_6f86c.dir/build
make[1]: Entering directory '/home/jin/kingfisher-sim/build/voxel_grid/CMakeFiles/CMakeTmp'
Building C object CMakeFiles/cmTC_6f86c.dir/CheckSymbolExists.c.o
/usr/bin/cc    -o CMakeFiles/cmTC_6f86c.dir/CheckSymbolExists.c.o   -c /home/jin/kingfisher-sim/build/voxel_grid/CMakeFiles/CMakeTmp/CheckSymbolExists.c
Linking C executable cmTC_6f86c
/usr/bin/cmake -E cmake_link_script CMakeFiles/cmTC_6f86c.dir/link.txt --verbose=1
/usr/bin/cc      -rdynamic CMakeFiles/cmTC_6f86c.dir/CheckSymbolExists.c.o  -o cmTC_6f86c 
CMakeFiles/cmTC_6f86c.dir/CheckSymbolExists.c.o: In function `main':
CheckSymbolExists.c:(.text+0x1b): undefined reference to `pthread_create'
collect2: error: ld returned 1 exit status
CMakeFiles/cmTC_6f86c.dir/build.make:97: recipe for target 'cmTC_6f86c' failed
make[1]: *** [cmTC_6f86c] Error 1
make[1]: Leaving directory '/home/jin/kingfisher-sim/build/voxel_grid/CMakeFiles/CMakeTmp'
Makefile:126: recipe for target 'cmTC_6f86c/fast' failed
make: *** [cmTC_6f86c/fast] Error 2

File /home/jin/kingfisher-sim/build/voxel_grid/CMakeFiles/CMakeTmp/CheckSymbolExists.c:
/* */
#include <pthread.h>

int main(int argc, char** argv)
{
  (void)argv;
#ifndef pthread_create
  return ((int*)(&pthread_create))[argc];
#else
  (void)argc;
  return 0;
#endif
}

Determining if the function pthread_create exists in the pthreads failed with the following output:
Change Dir: /home/jin/kingfisher-sim/build/voxel_grid/CMakeFiles/CMakeTmp

Run Build Command:"/usr/bin/make" "cmTC_b9b6f/fast"
/usr/bin/make -f CMakeFiles/cmTC_b9b6f.dir/build.make CMakeFiles/cmTC_b9b6f.dir/build
make[1]: Entering directory '/home/jin/kingfisher-sim/build/voxel_grid/CMakeFiles/CMakeTmp'
Building C object CMakeFiles/cmTC_b9b6f.dir/CheckFunctionExists.c.o
/usr/bin/cc   -DCHECK_FUNCTION_EXISTS=pthread_create   -o CMakeFiles/cmTC_b9b6f.dir/CheckFunctionExists.c.o   -c /usr/share/cmake-3.10/Modules/CheckFunctionExists.c
Linking C executable cmTC_b9b6f
/usr/bin/cmake -E cmake_link_script CMakeFiles/cmTC_b9b6f.dir/link.txt --verbose=1
/usr/bin/cc  -DCHECK_FUNCTION_EXISTS=pthread_create    -rdynamic CMakeFiles/cmTC_b9b6f.dir/CheckFunctionExists.c.o  -o cmTC_b9b6f -lpthreads 
/usr/bin/ld: cannot find -lpthreads
collect2: error: ld returned 1 exit status
CMakeFiles/cmTC_b9b6f.dir/build.make:97: recipe for target 'cmTC_b9b6f' failed
make[1]: *** [cmTC_b9b6f] Error 1
make[1]: Leaving directory '/home/jin/kingfisher-sim/build/voxel_grid/CMakeFiles/CMakeTmp'
Makefile:126: recipe for target 'cmTC_b9b6f/fast' failed
make: *** [cmTC_b9b6f/fast] Error 2


